<?xml version="1.0" encoding="UTF-8"?>
<robot generator="Robot 5.0.1 (Python 3.9.11 on win32)" generated="20221002 00:11:24.935" rpa="false" schemaversion="3">
<suite id="s1" name="Tests" source="C:\RobotFramework\TradeStickerBrowser\Tests">
<suite id="s1-s1" name="DashboardTest" source="C:\RobotFramework\TradeStickerBrowser\Tests\DashboardTest.robot">
<kw name="Start Session" library="BasePage" type="SETUP">
<kw name="New Browser" library="Browser">
<arg>headless=${HEADLESS}</arg>
<arg>browser=${BROWSER}</arg>
<tag>BrowserControl</tag>
<tag>Setter</tag>
<doc>Create a new playwright Browser with specified options.</doc>
<msg timestamp="20221002 00:11:27.052" level="INFO">{"browser": "chromium", "headless": true, "handleSIGINT": true, "handleSIGTERM": true, "handleSIGHUP": true, "timeout": 30000.0, "devtools": false, "slowMo": 0.0, "tracesDir": "C:\\RobotFramework\\TradeStickerBrowser\\Results\\browser\\traces\\ebec1e2c-8de4-4c3f-9b20-5b8256285201"}</msg>
<msg timestamp="20221002 00:11:28.666" level="INFO">Successfully created browser with options: {"browser":"chromium","headless":true,"handleSIGINT":true,"handleSIGTERM":true,"handleSIGHUP":true,"timeout":30000,"devtools":false,"slowMo":0,"tracesDir":"C:\\RobotFramework\\TradeStickerBrowser\\Results\\browser\\traces\\ebec1e2c-8de4-4c3f-9b20-5b8256285201"}</msg>
<status status="PASS" starttime="20221002 00:11:27.052" endtime="20221002 00:11:28.666"/>
</kw>
<kw name="New Context" library="Browser">
<arg>viewport={'width': ${BROWSER_WIDTH}, 'height': ${BROWSER_HEIGHT}}</arg>
<tag>BrowserControl</tag>
<tag>Setter</tag>
<doc>Create a new BrowserContext with specified options.</doc>
<msg timestamp="20221002 00:11:28.667" level="INFO">{"acceptDownloads": true, "ignoreHTTPSErrors": false, "bypassCSP": false, "viewport": {"height": 900, "width": 1440}, "deviceScaleFactor": 1.0, "isMobile": false, "hasTouch": false, "javaScriptEnabled": true, "offline": false, "hideRfBrowser": false, "reducedMotion": "no-preference", "forcedColors": "none"}</msg>
<msg timestamp="20221002 00:11:28.705" level="INFO">Successfully created context. </msg>
<msg timestamp="20221002 00:11:28.705" level="INFO">{'acceptDownloads': True, 'ignoreHTTPSErrors': False, 'bypassCSP': False, 'viewport': {'height': 900, 'width': 1440}, 'deviceScaleFactor': 1, 'isMobile': False, 'hasTouch': False, 'javaScriptEnabled': True, 'offline': False, 'hideRfBrowser': False, 'reducedMotion': 'no-preference', 'forcedColors': 'none'}</msg>
<status status="PASS" starttime="20221002 00:11:28.666" endtime="20221002 00:11:28.705"/>
</kw>
<kw name="Set Browser Timeout" library="Browser">
<arg>${TIMEOUT}</arg>
<tag>Config</tag>
<tag>Setter</tag>
<doc>Sets the timeout used by most input and getter keywords.</doc>
<msg timestamp="20221002 00:11:28.710" level="INFO">Set timeout to: 60000</msg>
<status status="PASS" starttime="20221002 00:11:28.706" endtime="20221002 00:11:28.710"/>
</kw>
<kw name="New Page" library="Browser">
<arg>${BASE_URL}</arg>
<tag>BrowserControl</tag>
<tag>Setter</tag>
<doc>Open a new Page.</doc>
<msg timestamp="20221002 00:11:30.209" level="INFO">Successfully initialized new page object and opened url: https://trade-sticker-dev.vercel.app/</msg>
<status status="PASS" starttime="20221002 00:11:28.710" endtime="20221002 00:11:30.209"/>
</kw>
<kw name="Get Title" library="Browser">
<arg>contains</arg>
<arg>${pageTitle}</arg>
<tag>Assertion</tag>
<tag>Getter</tag>
<tag>PageContent</tag>
<doc>Returns the title of the current page.</doc>
<status status="PASS" starttime="20221002 00:11:30.209" endtime="20221002 00:11:30.330"/>
</kw>
<kw name="Check Login Page" library="LoginPage">
<kw name="Is Element Visible" library="ActionsPage">
<arg>${loginButton}</arg>
<kw name="Get Element States" library="Browser">
<var>${visibility}</var>
<arg>${webElement}</arg>
<arg>validate</arg>
<arg>enabled | visible</arg>
<tag>Assertion</tag>
<tag>Getter</tag>
<tag>PageContent</tag>
<doc>Get the active states from the element found by ``selector``.</doc>
<msg timestamp="20221002 00:11:30.438" level="INFO">States are: ['attached', 'visible', 'enabled', 'editable', 'defocused']</msg>
<msg timestamp="20221002 00:11:30.438" level="INFO">${visibility} = ['attached', 'visible', 'enabled', 'editable', 'defocused']</msg>
<status status="PASS" starttime="20221002 00:11:30.331" endtime="20221002 00:11:30.438"/>
</kw>
<status status="PASS" starttime="20221002 00:11:30.330" endtime="20221002 00:11:30.439"/>
</kw>
<kw name="Is Element Visible" library="ActionsPage">
<arg>${loginButton}</arg>
<kw name="Get Element States" library="Browser">
<var>${visibility}</var>
<arg>${webElement}</arg>
<arg>validate</arg>
<arg>enabled | visible</arg>
<tag>Assertion</tag>
<tag>Getter</tag>
<tag>PageContent</tag>
<doc>Get the active states from the element found by ``selector``.</doc>
<msg timestamp="20221002 00:11:30.480" level="INFO">States are: ['attached', 'visible', 'enabled', 'editable', 'defocused']</msg>
<msg timestamp="20221002 00:11:30.480" level="INFO">${visibility} = ['attached', 'visible', 'enabled', 'editable', 'defocused']</msg>
<status status="PASS" starttime="20221002 00:11:30.439" endtime="20221002 00:11:30.480"/>
</kw>
<status status="PASS" starttime="20221002 00:11:30.439" endtime="20221002 00:11:30.480"/>
</kw>
<kw name="Is Element Visible" library="ActionsPage">
<arg>${passwordInput}</arg>
<kw name="Get Element States" library="Browser">
<var>${visibility}</var>
<arg>${webElement}</arg>
<arg>validate</arg>
<arg>enabled | visible</arg>
<tag>Assertion</tag>
<tag>Getter</tag>
<tag>PageContent</tag>
<doc>Get the active states from the element found by ``selector``.</doc>
<msg timestamp="20221002 00:11:30.517" level="INFO">States are: ['attached', 'visible', 'enabled', 'editable', 'defocused']</msg>
<msg timestamp="20221002 00:11:30.517" level="INFO">${visibility} = ['attached', 'visible', 'enabled', 'editable', 'defocused']</msg>
<status status="PASS" starttime="20221002 00:11:30.481" endtime="20221002 00:11:30.517"/>
</kw>
<status status="PASS" starttime="20221002 00:11:30.480" endtime="20221002 00:11:30.517"/>
</kw>
<kw name="Get Text" library="Browser">
<arg>${logoText}</arg>
<arg>contains</arg>
<arg>${slogan}</arg>
<tag>Assertion</tag>
<tag>Getter</tag>
<tag>PageContent</tag>
<doc>Returns text attribute of the element found by ``selector``.</doc>
<status status="PASS" starttime="20221002 00:11:30.518" endtime="20221002 00:11:30.535"/>
</kw>
<status status="PASS" starttime="20221002 00:11:30.330" endtime="20221002 00:11:30.535"/>
</kw>
<status status="PASS" starttime="20221002 00:11:27.051" endtime="20221002 00:11:30.535"/>
</kw>
<test id="s1-s1-t1" name="Scenario1: Check Search function" line="13">
<kw name="Login" library="BasePage" type="SETUP">
<kw name="Login With" library="LoginPage">
<arg>${login}</arg>
<arg>${password}</arg>
<kw name="Check Login Page" library="LoginPage">
<kw name="Is Element Visible" library="ActionsPage">
<arg>${loginButton}</arg>
<kw name="Get Element States" library="Browser">
<var>${visibility}</var>
<arg>${webElement}</arg>
<arg>validate</arg>
<arg>enabled | visible</arg>
<tag>Assertion</tag>
<tag>Getter</tag>
<tag>PageContent</tag>
<doc>Get the active states from the element found by ``selector``.</doc>
<msg timestamp="20221002 00:11:30.579" level="INFO">States are: ['attached', 'visible', 'enabled', 'editable', 'defocused']</msg>
<msg timestamp="20221002 00:11:30.579" level="INFO">${visibility} = ['attached', 'visible', 'enabled', 'editable', 'defocused']</msg>
<status status="PASS" starttime="20221002 00:11:30.542" endtime="20221002 00:11:30.579"/>
</kw>
<status status="PASS" starttime="20221002 00:11:30.542" endtime="20221002 00:11:30.580"/>
</kw>
<kw name="Is Element Visible" library="ActionsPage">
<arg>${loginButton}</arg>
<kw name="Get Element States" library="Browser">
<var>${visibility}</var>
<arg>${webElement}</arg>
<arg>validate</arg>
<arg>enabled | visible</arg>
<tag>Assertion</tag>
<tag>Getter</tag>
<tag>PageContent</tag>
<doc>Get the active states from the element found by ``selector``.</doc>
<msg timestamp="20221002 00:11:30.619" level="INFO">States are: ['attached', 'visible', 'enabled', 'editable', 'defocused']</msg>
<msg timestamp="20221002 00:11:30.619" level="INFO">${visibility} = ['attached', 'visible', 'enabled', 'editable', 'defocused']</msg>
<status status="PASS" starttime="20221002 00:11:30.580" endtime="20221002 00:11:30.619"/>
</kw>
<status status="PASS" starttime="20221002 00:11:30.580" endtime="20221002 00:11:30.619"/>
</kw>
<kw name="Is Element Visible" library="ActionsPage">
<arg>${passwordInput}</arg>
<kw name="Get Element States" library="Browser">
<var>${visibility}</var>
<arg>${webElement}</arg>
<arg>validate</arg>
<arg>enabled | visible</arg>
<tag>Assertion</tag>
<tag>Getter</tag>
<tag>PageContent</tag>
<doc>Get the active states from the element found by ``selector``.</doc>
<msg timestamp="20221002 00:11:30.652" level="INFO">States are: ['attached', 'visible', 'enabled', 'editable', 'defocused']</msg>
<msg timestamp="20221002 00:11:30.652" level="INFO">${visibility} = ['attached', 'visible', 'enabled', 'editable', 'defocused']</msg>
<status status="PASS" starttime="20221002 00:11:30.619" endtime="20221002 00:11:30.652"/>
</kw>
<status status="PASS" starttime="20221002 00:11:30.619" endtime="20221002 00:11:30.652"/>
</kw>
<kw name="Get Text" library="Browser">
<arg>${logoText}</arg>
<arg>contains</arg>
<arg>${slogan}</arg>
<tag>Assertion</tag>
<tag>Getter</tag>
<tag>PageContent</tag>
<doc>Returns text attribute of the element found by ``selector``.</doc>
<status status="PASS" starttime="20221002 00:11:30.652" endtime="20221002 00:11:30.722"/>
</kw>
<status status="PASS" starttime="20221002 00:11:30.541" endtime="20221002 00:11:30.723"/>
</kw>
<kw name="Fill Text" library="Browser">
<arg>${loginInput}</arg>
<arg>${login}</arg>
<tag>PageContent</tag>
<tag>Setter</tag>
<doc>Clears and fills the given ``txt`` into the text field found by ``selector``.</doc>
<msg timestamp="20221002 00:11:30.723" level="INFO">Fills the text 'papito@gmail.com' in the given field.</msg>
<status status="PASS" starttime="20221002 00:11:30.723" endtime="20221002 00:11:30.760"/>
</kw>
<kw name="Fill Text" library="Browser">
<arg>${passwordInput}</arg>
<arg>${password}</arg>
<tag>PageContent</tag>
<tag>Setter</tag>
<doc>Clears and fills the given ``txt`` into the text field found by ``selector``.</doc>
<msg timestamp="20221002 00:11:30.760" level="INFO">Fills the text 'vaibrasil' in the given field.</msg>
<status status="PASS" starttime="20221002 00:11:30.760" endtime="20221002 00:11:30.777"/>
</kw>
<kw name="Click" library="Browser">
<arg>${loginButton}</arg>
<tag>PageContent</tag>
<tag>Setter</tag>
<doc>Simulates mouse click on the element found by ``selector``.</doc>
<status status="PASS" starttime="20221002 00:11:30.777" endtime="20221002 00:11:30.860"/>
</kw>
<status status="PASS" starttime="20221002 00:11:30.541" endtime="20221002 00:11:30.860"/>
</kw>
<kw name="Check DashBoardPage Page" library="DashboardPage">
<kw name="Is Element Visible" library="ActionsPage">
<arg>${backButton}</arg>
<kw name="Get Element States" library="Browser">
<var>${visibility}</var>
<arg>${webElement}</arg>
<arg>validate</arg>
<arg>enabled | visible</arg>
<tag>Assertion</tag>
<tag>Getter</tag>
<tag>PageContent</tag>
<doc>Get the active states from the element found by ``selector``.</doc>
<msg timestamp="20221002 00:11:30.903" level="INFO">States are: ['attached', 'hidden', 'enabled', 'editable', 'defocused']</msg>
<msg timestamp="20221002 00:11:30.903" level="INFO">${visibility} = ['attached', 'hidden', 'enabled', 'editable', 'defocused']</msg>
<status status="PASS" starttime="20221002 00:11:30.861" endtime="20221002 00:11:30.903"/>
</kw>
<status status="PASS" starttime="20221002 00:11:30.861" endtime="20221002 00:11:30.903"/>
</kw>
<kw name="Is Element Visible" library="ActionsPage">
<arg>${searchBarInput}</arg>
<kw name="Get Element States" library="Browser">
<var>${visibility}</var>
<arg>${webElement}</arg>
<arg>validate</arg>
<arg>enabled | visible</arg>
<tag>Assertion</tag>
<tag>Getter</tag>
<tag>PageContent</tag>
<doc>Get the active states from the element found by ``selector``.</doc>
<msg timestamp="20221002 00:11:30.937" level="INFO">States are: ['attached', 'visible', 'enabled', 'editable', 'defocused']</msg>
<msg timestamp="20221002 00:11:30.938" level="INFO">${visibility} = ['attached', 'visible', 'enabled', 'editable', 'defocused']</msg>
<status status="PASS" starttime="20221002 00:11:30.903" endtime="20221002 00:11:30.938"/>
</kw>
<status status="PASS" starttime="20221002 00:11:30.903" endtime="20221002 00:11:30.938"/>
</kw>
<kw name="Is Element Visible" library="ActionsPage">
<arg>${searchButton}</arg>
<kw name="Get Element States" library="Browser">
<var>${visibility}</var>
<arg>${webElement}</arg>
<arg>validate</arg>
<arg>enabled | visible</arg>
<tag>Assertion</tag>
<tag>Getter</tag>
<tag>PageContent</tag>
<doc>Get the active states from the element found by ``selector``.</doc>
<msg timestamp="20221002 00:11:30.978" level="INFO">States are: ['attached', 'visible', 'enabled', 'editable', 'defocused']</msg>
<msg timestamp="20221002 00:11:30.978" level="INFO">${visibility} = ['attached', 'visible', 'enabled', 'editable', 'defocused']</msg>
<status status="PASS" starttime="20221002 00:11:30.938" endtime="20221002 00:11:30.978"/>
</kw>
<status status="PASS" starttime="20221002 00:11:30.938" endtime="20221002 00:11:30.978"/>
</kw>
<status status="PASS" starttime="20221002 00:11:30.860" endtime="20221002 00:11:30.978"/>
</kw>
<status status="PASS" starttime="20221002 00:11:30.540" endtime="20221002 00:11:30.978"/>
</kw>
<kw name="Search for ticket" library="DashboardPage">
<arg>legend</arg>
<kw name="Fill Text" library="Browser">
<arg>${searchBarInput}</arg>
<arg>${ticket}</arg>
<tag>PageContent</tag>
<tag>Setter</tag>
<doc>Clears and fills the given ``txt`` into the text field found by ``selector``.</doc>
<msg timestamp="20221002 00:11:30.979" level="INFO">Fills the text 'legend' in the given field.</msg>
<status status="PASS" starttime="20221002 00:11:30.979" endtime="20221002 00:11:30.995"/>
</kw>
<kw name="Click Search Button" library="DashboardPage">
<kw name="Click" library="Browser">
<arg>${searchButton}</arg>
<tag>PageContent</tag>
<tag>Setter</tag>
<doc>Simulates mouse click on the element found by ``selector``.</doc>
<status status="PASS" starttime="20221002 00:11:30.996" endtime="20221002 00:11:31.052"/>
</kw>
<status status="PASS" starttime="20221002 00:11:30.996" endtime="20221002 00:11:31.052"/>
</kw>
<status status="PASS" starttime="20221002 00:11:30.979" endtime="20221002 00:11:31.053"/>
</kw>
<kw name="Check Results" library="DashboardPage">
<kw name="Is Element Visible" library="ActionsPage">
<arg>${searchResultsTable}</arg>
<kw name="Get Element States" library="Browser">
<var>${visibility}</var>
<arg>${webElement}</arg>
<arg>validate</arg>
<arg>enabled | visible</arg>
<tag>Assertion</tag>
<tag>Getter</tag>
<tag>PageContent</tag>
<doc>Get the active states from the element found by ``selector``.</doc>
<msg timestamp="20221002 00:11:31.308" level="INFO">States are: ['detached']</msg>
<msg timestamp="20221002 00:11:31.308" level="INFO">${visibility} = ['detached']</msg>
<status status="PASS" starttime="20221002 00:11:31.054" endtime="20221002 00:11:31.308"/>
</kw>
<status status="PASS" starttime="20221002 00:11:31.053" endtime="20221002 00:11:31.308"/>
</kw>
<status status="PASS" starttime="20221002 00:11:31.053" endtime="20221002 00:11:31.308"/>
</kw>
<kw name="Select Sticket" library="DashboardPage">
<arg>${sticker}</arg>
<kw name="Click" library="Browser">
<arg>xpath=//img[contains(@alt,"${nome}")]/..</arg>
<tag>PageContent</tag>
<tag>Setter</tag>
<doc>Simulates mouse click on the element found by ``selector``.</doc>
<status status="PASS" starttime="20221002 00:11:31.310" endtime="20221002 00:11:31.880"/>
</kw>
<status status="PASS" starttime="20221002 00:11:31.309" endtime="20221002 00:11:31.880"/>
</kw>
<kw name="Click Entrar em contato" library="DashboardPage">
<kw name="Click" library="Browser">
<arg>${contactButton}</arg>
<tag>PageContent</tag>
<tag>Setter</tag>
<doc>Simulates mouse click on the element found by ``selector``.</doc>
<status status="PASS" starttime="20221002 00:11:31.881" endtime="20221002 00:11:31.933"/>
</kw>
<status status="PASS" starttime="20221002 00:11:31.881" endtime="20221002 00:11:31.933"/>
</kw>
<kw name="Whatsapp validation" library="DashboardPage">
<arg>${sticker}</arg>
<kw name="Set Variable" library="BuiltIn">
<var>${message}</var>
<arg>Oi, achei o seu contato no Trade Sticker. Estou intressado(a) na figurinha do ${sticket}, bora negociar?</arg>
<doc>Returns the given values which can then be assigned to a variables.</doc>
<msg timestamp="20221002 00:11:31.935" level="INFO">${message} = Oi, achei o seu contato no Trade Sticker. Estou intressado(a) na figurinha do Neymar Jr, bora negociar?</msg>
<status status="PASS" starttime="20221002 00:11:31.934" endtime="20221002 00:11:31.935"/>
</kw>
<kw name="Switch Page" library="Browser">
<arg>NEW</arg>
<tag>BrowserControl</tag>
<tag>Setter</tag>
<doc>Switches the active browser page to another open page by ``id`` or ``NEW``.</doc>
<msg timestamp="20221002 00:11:35.685" level="INFO">Activated new page page=2f07233e-3fd5-41f7-9357-6b468e270719</msg>
<status status="PASS" starttime="20221002 00:11:31.935" endtime="20221002 00:11:35.686"/>
</kw>
<kw name="Wait For Elements State" library="Browser">
<arg>p &gt;&gt; text=${sticket}</arg>
<arg>visible</arg>
<arg>5000</arg>
<tag>PageContent</tag>
<tag>Wait</tag>
<doc>Waits for the element found by ``selector`` to satisfy state option.</doc>
<msg timestamp="20221002 00:11:36.548" level="INFO">Waited for Element with selector p &gt;&gt; text=Neymar Jr at state visible</msg>
<status status="PASS" starttime="20221002 00:11:35.686" endtime="20221002 00:11:36.548"/>
</kw>
<kw name="Take Screenshot" library="Browser">
<tag>PageContent</tag>
<doc>Takes a screenshot of the current window or element and saves it to disk.</doc>
<msg timestamp="20221002 00:11:36.689" level="INFO" html="true">&lt;/td&gt;&lt;/tr&gt;&lt;tr&gt;&lt;td colspan="3"&gt;&lt;a href="browser/screenshot/robotframework-browser-screenshot-1.png"&gt;&lt;img src="browser/screenshot/robotframework-browser-screenshot-1.png" width="800px"&gt;&lt;/a&gt;</msg>
<status status="PASS" starttime="20221002 00:11:36.549" endtime="20221002 00:11:36.689"/>
</kw>
<kw name="Close Page" library="Browser">
<arg>CURRENT</arg>
<arg>CURRENT</arg>
<arg>CURRENT</arg>
<tag>BrowserControl</tag>
<tag>Setter</tag>
<doc>Closes the ``page`` in ``context`` in ``browser``.</doc>
<msg timestamp="20221002 00:11:36.696" level="INFO">[{"type": "chromium", "id": "browser=f0519c7e-66df-47ec-8d97-46e81c3337fa", "contexts": [{"type": "context", "id": "context=89c65f21-38ae-44ae-933d-22c501555d79", "activePage": "page=2f07233e-3fd5-41f7-9357-6b468e270719", "pages": [{"type": "page", "title": "Trade Sticker by Papito", "url": "https://trade-sticker-dev.vercel.app/dashboard", "id": "page=7d8a4bee-d469-4df4-9876-3feb33199314", "timestamp": 1664683889.42}, {"type": "page", "title": "Compartilhe no WhatsApp", "url": "https://api.whatsapp.com/send/?phone=5511999999999&amp;text=Oi%2C+achei+o+seu+contato+no+Trade+Sticker.+Estou+interessado%28a%29+na+figurinha+do+Neymar+Jr%2C+bora+negociar%3F&amp;type=phone_number&amp;app_absent=0", "id": "page=2f07233e-3fd5-41f7-9357-6b468e270719", "timestamp": 1664683895.671}]}], "activeContext": "context=89c65f21-38ae-44ae-933d-22c501555d79", "activeBrowser": true}]</msg>
<msg timestamp="20221002 00:11:36.697" level="INFO">Active context id</msg>
<msg timestamp="20221002 00:11:36.700" level="INFO">Successfully changed active browser</msg>
<msg timestamp="20221002 00:11:36.701" level="INFO">Returned active context id</msg>
<msg timestamp="20221002 00:11:36.704" level="INFO">Successfully changed active context</msg>
<msg timestamp="20221002 00:11:36.711" level="INFO">Successfully closed Page</msg>
<status status="PASS" starttime="20221002 00:11:36.689" endtime="20221002 00:11:36.711"/>
</kw>
<kw name="Switch Page" library="Browser">
<arg>CURRENT</arg>
<tag>BrowserControl</tag>
<tag>Setter</tag>
<doc>Switches the active browser page to another open page by ``id`` or ``NEW``.</doc>
<msg timestamp="20221002 00:11:36.714" level="INFO">Returned active page id</msg>
<status status="PASS" starttime="20221002 00:11:36.712" endtime="20221002 00:11:36.714"/>
</kw>
<status status="PASS" starttime="20221002 00:11:31.934" endtime="20221002 00:11:36.714"/>
</kw>
<kw name="Logout" library="DashboardPage" type="TEARDOWN">
<kw name="Click Back Button" library="DashboardPage">
<kw name="Click" library="Browser">
<arg>${backButton}</arg>
<tag>PageContent</tag>
<tag>Setter</tag>
<doc>Simulates mouse click on the element found by ``selector``.</doc>
<status status="PASS" starttime="20221002 00:11:36.716" endtime="20221002 00:11:36.774"/>
</kw>
<status status="PASS" starttime="20221002 00:11:36.715" endtime="20221002 00:11:36.775"/>
</kw>
<status status="PASS" starttime="20221002 00:11:36.715" endtime="20221002 00:11:36.775"/>
</kw>
<doc>Test for Dashboard Page</doc>
<tag>Dashboard</tag>
<tag>doing</tag>
<tag>full</tag>
<tag>smoke</tag>
<status status="PASS" starttime="20221002 00:11:30.535" endtime="20221002 00:11:36.775"/>
</test>
<test id="s1-s1-t2" name="Scenario1: Check no results" line="23">
<kw name="Login" library="BasePage" type="SETUP">
<kw name="Login With" library="LoginPage">
<arg>${login}</arg>
<arg>${password}</arg>
<kw name="Check Login Page" library="LoginPage">
<kw name="Is Element Visible" library="ActionsPage">
<arg>${loginButton}</arg>
<kw name="Get Element States" library="Browser">
<var>${visibility}</var>
<arg>${webElement}</arg>
<arg>validate</arg>
<arg>enabled | visible</arg>
<tag>Assertion</tag>
<tag>Getter</tag>
<tag>PageContent</tag>
<doc>Get the active states from the element found by ``selector``.</doc>
<msg timestamp="20221002 00:11:36.848" level="INFO">States are: ['attached', 'visible', 'enabled', 'editable', 'defocused']</msg>
<msg timestamp="20221002 00:11:36.848" level="INFO">${visibility} = ['attached', 'visible', 'enabled', 'editable', 'defocused']</msg>
<status status="PASS" starttime="20221002 00:11:36.789" endtime="20221002 00:11:36.848"/>
</kw>
<status status="PASS" starttime="20221002 00:11:36.789" endtime="20221002 00:11:36.848"/>
</kw>
<kw name="Is Element Visible" library="ActionsPage">
<arg>${loginButton}</arg>
<kw name="Get Element States" library="Browser">
<var>${visibility}</var>
<arg>${webElement}</arg>
<arg>validate</arg>
<arg>enabled | visible</arg>
<tag>Assertion</tag>
<tag>Getter</tag>
<tag>PageContent</tag>
<doc>Get the active states from the element found by ``selector``.</doc>
<msg timestamp="20221002 00:11:36.890" level="INFO">States are: ['attached', 'visible', 'enabled', 'editable', 'defocused']</msg>
<msg timestamp="20221002 00:11:36.890" level="INFO">${visibility} = ['attached', 'visible', 'enabled', 'editable', 'defocused']</msg>
<status status="PASS" starttime="20221002 00:11:36.849" endtime="20221002 00:11:36.890"/>
</kw>
<status status="PASS" starttime="20221002 00:11:36.848" endtime="20221002 00:11:36.891"/>
</kw>
<kw name="Is Element Visible" library="ActionsPage">
<arg>${passwordInput}</arg>
<kw name="Get Element States" library="Browser">
<var>${visibility}</var>
<arg>${webElement}</arg>
<arg>validate</arg>
<arg>enabled | visible</arg>
<tag>Assertion</tag>
<tag>Getter</tag>
<tag>PageContent</tag>
<doc>Get the active states from the element found by ``selector``.</doc>
<msg timestamp="20221002 00:11:36.932" level="INFO">States are: ['attached', 'visible', 'enabled', 'editable', 'defocused']</msg>
<msg timestamp="20221002 00:11:36.932" level="INFO">${visibility} = ['attached', 'visible', 'enabled', 'editable', 'defocused']</msg>
<status status="PASS" starttime="20221002 00:11:36.891" endtime="20221002 00:11:36.932"/>
</kw>
<status status="PASS" starttime="20221002 00:11:36.891" endtime="20221002 00:11:36.932"/>
</kw>
<kw name="Get Text" library="Browser">
<arg>${logoText}</arg>
<arg>contains</arg>
<arg>${slogan}</arg>
<tag>Assertion</tag>
<tag>Getter</tag>
<tag>PageContent</tag>
<doc>Returns text attribute of the element found by ``selector``.</doc>
<status status="PASS" starttime="20221002 00:11:36.932" endtime="20221002 00:11:36.948"/>
</kw>
<status status="PASS" starttime="20221002 00:11:36.789" endtime="20221002 00:11:36.948"/>
</kw>
<kw name="Fill Text" library="Browser">
<arg>${loginInput}</arg>
<arg>${login}</arg>
<tag>PageContent</tag>
<tag>Setter</tag>
<doc>Clears and fills the given ``txt`` into the text field found by ``selector``.</doc>
<msg timestamp="20221002 00:11:36.948" level="INFO">Fills the text 'papito@gmail.com' in the given field.</msg>
<status status="PASS" starttime="20221002 00:11:36.948" endtime="20221002 00:11:36.972"/>
</kw>
<kw name="Fill Text" library="Browser">
<arg>${passwordInput}</arg>
<arg>${password}</arg>
<tag>PageContent</tag>
<tag>Setter</tag>
<doc>Clears and fills the given ``txt`` into the text field found by ``selector``.</doc>
<msg timestamp="20221002 00:11:36.972" level="INFO">Fills the text 'vaibrasil' in the given field.</msg>
<status status="PASS" starttime="20221002 00:11:36.972" endtime="20221002 00:11:36.988"/>
</kw>
<kw name="Click" library="Browser">
<arg>${loginButton}</arg>
<tag>PageContent</tag>
<tag>Setter</tag>
<doc>Simulates mouse click on the element found by ``selector``.</doc>
<status status="PASS" starttime="20221002 00:11:36.988" endtime="20221002 00:11:37.029"/>
</kw>
<status status="PASS" starttime="20221002 00:11:36.789" endtime="20221002 00:11:37.029"/>
</kw>
<kw name="Check DashBoardPage Page" library="DashboardPage">
<kw name="Is Element Visible" library="ActionsPage">
<arg>${backButton}</arg>
<kw name="Get Element States" library="Browser">
<var>${visibility}</var>
<arg>${webElement}</arg>
<arg>validate</arg>
<arg>enabled | visible</arg>
<tag>Assertion</tag>
<tag>Getter</tag>
<tag>PageContent</tag>
<doc>Get the active states from the element found by ``selector``.</doc>
<msg timestamp="20221002 00:11:37.064" level="INFO">States are: ['attached', 'visible', 'enabled', 'editable', 'defocused']</msg>
<msg timestamp="20221002 00:11:37.065" level="INFO">${visibility} = ['attached', 'visible', 'enabled', 'editable', 'defocused']</msg>
<status status="PASS" starttime="20221002 00:11:37.030" endtime="20221002 00:11:37.065"/>
</kw>
<status status="PASS" starttime="20221002 00:11:37.030" endtime="20221002 00:11:37.065"/>
</kw>
<kw name="Is Element Visible" library="ActionsPage">
<arg>${searchBarInput}</arg>
<kw name="Get Element States" library="Browser">
<var>${visibility}</var>
<arg>${webElement}</arg>
<arg>validate</arg>
<arg>enabled | visible</arg>
<tag>Assertion</tag>
<tag>Getter</tag>
<tag>PageContent</tag>
<doc>Get the active states from the element found by ``selector``.</doc>
<msg timestamp="20221002 00:11:37.103" level="INFO">States are: ['attached', 'visible', 'enabled', 'editable', 'defocused']</msg>
<msg timestamp="20221002 00:11:37.103" level="INFO">${visibility} = ['attached', 'visible', 'enabled', 'editable', 'defocused']</msg>
<status status="PASS" starttime="20221002 00:11:37.065" endtime="20221002 00:11:37.103"/>
</kw>
<status status="PASS" starttime="20221002 00:11:37.065" endtime="20221002 00:11:37.103"/>
</kw>
<kw name="Is Element Visible" library="ActionsPage">
<arg>${searchButton}</arg>
<kw name="Get Element States" library="Browser">
<var>${visibility}</var>
<arg>${webElement}</arg>
<arg>validate</arg>
<arg>enabled | visible</arg>
<tag>Assertion</tag>
<tag>Getter</tag>
<tag>PageContent</tag>
<doc>Get the active states from the element found by ``selector``.</doc>
<msg timestamp="20221002 00:11:37.137" level="INFO">States are: ['attached', 'visible', 'enabled', 'editable', 'defocused']</msg>
<msg timestamp="20221002 00:11:37.137" level="INFO">${visibility} = ['attached', 'visible', 'enabled', 'editable', 'defocused']</msg>
<status status="PASS" starttime="20221002 00:11:37.104" endtime="20221002 00:11:37.137"/>
</kw>
<status status="PASS" starttime="20221002 00:11:37.103" endtime="20221002 00:11:37.137"/>
</kw>
<status status="PASS" starttime="20221002 00:11:37.029" endtime="20221002 00:11:37.137"/>
</kw>
<status status="PASS" starttime="20221002 00:11:36.787" endtime="20221002 00:11:37.137"/>
</kw>
<kw name="Search for ticket" library="DashboardPage">
<arg>noResults</arg>
<kw name="Fill Text" library="Browser">
<arg>${searchBarInput}</arg>
<arg>${ticket}</arg>
<tag>PageContent</tag>
<tag>Setter</tag>
<doc>Clears and fills the given ``txt`` into the text field found by ``selector``.</doc>
<msg timestamp="20221002 00:11:37.138" level="INFO">Fills the text 'noResults' in the given field.</msg>
<status status="PASS" starttime="20221002 00:11:37.138" endtime="20221002 00:11:37.156"/>
</kw>
<kw name="Click Search Button" library="DashboardPage">
<kw name="Click" library="Browser">
<arg>${searchButton}</arg>
<tag>PageContent</tag>
<tag>Setter</tag>
<doc>Simulates mouse click on the element found by ``selector``.</doc>
<status status="PASS" starttime="20221002 00:11:37.156" endtime="20221002 00:11:37.198"/>
</kw>
<status status="PASS" starttime="20221002 00:11:37.156" endtime="20221002 00:11:37.198"/>
</kw>
<status status="PASS" starttime="20221002 00:11:37.138" endtime="20221002 00:11:37.198"/>
</kw>
<kw name="Check No Results" library="DashboardPage">
<kw name="Is Element Visible" library="ActionsPage">
<arg>${erroAlert}</arg>
<kw name="Get Element States" library="Browser">
<var>${visibility}</var>
<arg>${webElement}</arg>
<arg>validate</arg>
<arg>enabled | visible</arg>
<tag>Assertion</tag>
<tag>Getter</tag>
<tag>PageContent</tag>
<doc>Get the active states from the element found by ``selector``.</doc>
<msg timestamp="20221002 00:11:37.454" level="INFO">States are: ['detached']</msg>
<msg timestamp="20221002 00:11:37.454" level="INFO">${visibility} = ['detached']</msg>
<status status="PASS" starttime="20221002 00:11:37.199" endtime="20221002 00:11:37.454"/>
</kw>
<status status="PASS" starttime="20221002 00:11:37.199" endtime="20221002 00:11:37.454"/>
</kw>
<status status="PASS" starttime="20221002 00:11:37.199" endtime="20221002 00:11:37.455"/>
</kw>
<kw name="Logout" library="DashboardPage" type="TEARDOWN">
<kw name="Click Back Button" library="DashboardPage">
<kw name="Click" library="Browser">
<arg>${backButton}</arg>
<tag>PageContent</tag>
<tag>Setter</tag>
<doc>Simulates mouse click on the element found by ``selector``.</doc>
<status status="PASS" starttime="20221002 00:11:37.456" endtime="20221002 00:11:37.495"/>
</kw>
<status status="PASS" starttime="20221002 00:11:37.456" endtime="20221002 00:11:37.495"/>
</kw>
<status status="PASS" starttime="20221002 00:11:37.456" endtime="20221002 00:11:37.495"/>
</kw>
<doc>Test for Dashboard Page</doc>
<tag>Dashboard</tag>
<tag>full</tag>
<tag>smoke</tag>
<status status="PASS" starttime="20221002 00:11:36.782" endtime="20221002 00:11:37.495"/>
</test>
<kw name="Close Session" library="BasePage" type="TEARDOWN">
<kw name="Take Screenshot" library="Browser">
<tag>PageContent</tag>
<doc>Takes a screenshot of the current window or element and saves it to disk.</doc>
<msg timestamp="20221002 00:11:38.074" level="INFO" html="true">&lt;/td&gt;&lt;/tr&gt;&lt;tr&gt;&lt;td colspan="3"&gt;&lt;a href="browser/screenshot/robotframework-browser-screenshot-2.png"&gt;&lt;img src="browser/screenshot/robotframework-browser-screenshot-2.png" width="800px"&gt;&lt;/a&gt;</msg>
<status status="PASS" starttime="20221002 00:11:37.503" endtime="20221002 00:11:38.074"/>
</kw>
<kw name="Close Browser" library="Browser">
<tag>BrowserControl</tag>
<tag>Setter</tag>
<doc>Closes the current browser.</doc>
<msg timestamp="20221002 00:11:38.154" level="INFO">Closed browser</msg>
<status status="PASS" starttime="20221002 00:11:38.075" endtime="20221002 00:11:38.154"/>
</kw>
<status status="PASS" starttime="20221002 00:11:37.502" endtime="20221002 00:11:38.155"/>
</kw>
<doc>Testes da pagina Dashboard</doc>
<status status="PASS" starttime="20221002 00:11:24.962" endtime="20221002 00:11:38.155"/>
</suite>
<suite id="s1-s2" name="LoginDesafioTest" source="C:\RobotFramework\TradeStickerBrowser\Tests\LoginDesafioTest.robot">
<test id="s1-s2-t1" name="Check invalid Login" line="17">
<kw name="Start Session" library="BasePage" type="SETUP">
<kw name="New Browser" library="Browser">
<arg>headless=${HEADLESS}</arg>
<arg>browser=${BROWSER}</arg>
<tag>BrowserControl</tag>
<tag>Setter</tag>
<doc>Create a new playwright Browser with specified options.</doc>
<msg timestamp="20221002 00:11:38.187" level="INFO">{"browser": "chromium", "headless": true, "handleSIGINT": true, "handleSIGTERM": true, "handleSIGHUP": true, "timeout": 30000.0, "devtools": false, "slowMo": 0.0, "tracesDir": "C:\\RobotFramework\\TradeStickerBrowser\\Results\\browser\\traces\\ddbb7e67-1ef8-493e-916a-646c145a4946"}</msg>
<msg timestamp="20221002 00:11:39.031" level="INFO">Successfully created browser with options: {"browser":"chromium","headless":true,"handleSIGINT":true,"handleSIGTERM":true,"handleSIGHUP":true,"timeout":30000,"devtools":false,"slowMo":0,"tracesDir":"C:\\RobotFramework\\TradeStickerBrowser\\Results\\browser\\traces\\ddbb7e67-1ef8-493e-916a-646c145a4946"}</msg>
<status status="PASS" starttime="20221002 00:11:38.187" endtime="20221002 00:11:39.031"/>
</kw>
<kw name="New Context" library="Browser">
<arg>viewport={'width': ${BROWSER_WIDTH}, 'height': ${BROWSER_HEIGHT}}</arg>
<tag>BrowserControl</tag>
<tag>Setter</tag>
<doc>Create a new BrowserContext with specified options.</doc>
<msg timestamp="20221002 00:11:39.032" level="INFO">{"acceptDownloads": true, "ignoreHTTPSErrors": false, "bypassCSP": false, "viewport": {"height": 900, "width": 1440}, "deviceScaleFactor": 1.0, "isMobile": false, "hasTouch": false, "javaScriptEnabled": true, "offline": false, "hideRfBrowser": false, "reducedMotion": "no-preference", "forcedColors": "none"}</msg>
<msg timestamp="20221002 00:11:39.039" level="INFO">Successfully created context. </msg>
<msg timestamp="20221002 00:11:39.039" level="INFO">{'acceptDownloads': True, 'ignoreHTTPSErrors': False, 'bypassCSP': False, 'viewport': {'height': 900, 'width': 1440}, 'deviceScaleFactor': 1, 'isMobile': False, 'hasTouch': False, 'javaScriptEnabled': True, 'offline': False, 'hideRfBrowser': False, 'reducedMotion': 'no-preference', 'forcedColors': 'none'}</msg>
<status status="PASS" starttime="20221002 00:11:39.031" endtime="20221002 00:11:39.040"/>
</kw>
<kw name="Set Browser Timeout" library="Browser">
<arg>${TIMEOUT}</arg>
<tag>Config</tag>
<tag>Setter</tag>
<doc>Sets the timeout used by most input and getter keywords.</doc>
<msg timestamp="20221002 00:11:39.043" level="INFO">Set timeout to: 60000</msg>
<status status="PASS" starttime="20221002 00:11:39.040" endtime="20221002 00:11:39.043"/>
</kw>
<kw name="New Page" library="Browser">
<arg>${BASE_URL}</arg>
<tag>BrowserControl</tag>
<tag>Setter</tag>
<doc>Open a new Page.</doc>
<msg timestamp="20221002 00:11:39.810" level="INFO">Successfully initialized new page object and opened url: https://trade-sticker-dev.vercel.app/</msg>
<status status="PASS" starttime="20221002 00:11:39.043" endtime="20221002 00:11:39.810"/>
</kw>
<kw name="Get Title" library="Browser">
<arg>contains</arg>
<arg>${pageTitle}</arg>
<tag>Assertion</tag>
<tag>Getter</tag>
<tag>PageContent</tag>
<doc>Returns the title of the current page.</doc>
<status status="PASS" starttime="20221002 00:11:39.810" endtime="20221002 00:11:39.846"/>
</kw>
<kw name="Check Login Page" library="LoginPage">
<kw name="Is Element Visible" library="ActionsPage">
<arg>${loginButton}</arg>
<kw name="Get Element States" library="Browser">
<var>${visibility}</var>
<arg>${webElement}</arg>
<arg>validate</arg>
<arg>enabled | visible</arg>
<tag>Assertion</tag>
<tag>Getter</tag>
<tag>PageContent</tag>
<doc>Get the active states from the element found by ``selector``.</doc>
<msg timestamp="20221002 00:11:39.935" level="INFO">States are: ['attached', 'visible', 'enabled', 'editable', 'defocused']</msg>
<msg timestamp="20221002 00:11:39.935" level="INFO">${visibility} = ['attached', 'visible', 'enabled', 'editable', 'defocused']</msg>
<status status="PASS" starttime="20221002 00:11:39.848" endtime="20221002 00:11:39.935"/>
</kw>
<status status="PASS" starttime="20221002 00:11:39.848" endtime="20221002 00:11:39.935"/>
</kw>
<kw name="Is Element Visible" library="ActionsPage">
<arg>${loginButton}</arg>
<kw name="Get Element States" library="Browser">
<var>${visibility}</var>
<arg>${webElement}</arg>
<arg>validate</arg>
<arg>enabled | visible</arg>
<tag>Assertion</tag>
<tag>Getter</tag>
<tag>PageContent</tag>
<doc>Get the active states from the element found by ``selector``.</doc>
<msg timestamp="20221002 00:11:39.970" level="INFO">States are: ['attached', 'visible', 'enabled', 'editable', 'defocused']</msg>
<msg timestamp="20221002 00:11:39.970" level="INFO">${visibility} = ['attached', 'visible', 'enabled', 'editable', 'defocused']</msg>
<status status="PASS" starttime="20221002 00:11:39.936" endtime="20221002 00:11:39.970"/>
</kw>
<status status="PASS" starttime="20221002 00:11:39.935" endtime="20221002 00:11:39.970"/>
</kw>
<kw name="Is Element Visible" library="ActionsPage">
<arg>${passwordInput}</arg>
<kw name="Get Element States" library="Browser">
<var>${visibility}</var>
<arg>${webElement}</arg>
<arg>validate</arg>
<arg>enabled | visible</arg>
<tag>Assertion</tag>
<tag>Getter</tag>
<tag>PageContent</tag>
<doc>Get the active states from the element found by ``selector``.</doc>
<msg timestamp="20221002 00:11:40.015" level="INFO">States are: ['attached', 'visible', 'enabled', 'editable', 'defocused']</msg>
<msg timestamp="20221002 00:11:40.016" level="INFO">${visibility} = ['attached', 'visible', 'enabled', 'editable', 'defocused']</msg>
<status status="PASS" starttime="20221002 00:11:39.971" endtime="20221002 00:11:40.016"/>
</kw>
<status status="PASS" starttime="20221002 00:11:39.970" endtime="20221002 00:11:40.016"/>
</kw>
<kw name="Get Text" library="Browser">
<arg>${logoText}</arg>
<arg>contains</arg>
<arg>${slogan}</arg>
<tag>Assertion</tag>
<tag>Getter</tag>
<tag>PageContent</tag>
<doc>Returns text attribute of the element found by ``selector``.</doc>
<status status="PASS" starttime="20221002 00:11:40.016" endtime="20221002 00:11:40.034"/>
</kw>
<status status="PASS" starttime="20221002 00:11:39.846" endtime="20221002 00:11:40.034"/>
</kw>
<status status="PASS" starttime="20221002 00:11:38.186" endtime="20221002 00:11:40.034"/>
</kw>
<kw name="Login and check message" library="LoginPage">
<arg>invalid@email.com</arg>
<arg>invalid</arg>
<arg>${message}</arg>
<kw name="Login With" library="LoginPage">
<arg>${login}</arg>
<arg>${password}</arg>
<kw name="Check Login Page" library="LoginPage">
<kw name="Is Element Visible" library="ActionsPage">
<arg>${loginButton}</arg>
<kw name="Get Element States" library="Browser">
<var>${visibility}</var>
<arg>${webElement}</arg>
<arg>validate</arg>
<arg>enabled | visible</arg>
<tag>Assertion</tag>
<tag>Getter</tag>
<tag>PageContent</tag>
<doc>Get the active states from the element found by ``selector``.</doc>
<msg timestamp="20221002 00:11:40.086" level="INFO">States are: ['attached', 'visible', 'enabled', 'editable', 'defocused']</msg>
<msg timestamp="20221002 00:11:40.086" level="INFO">${visibility} = ['attached', 'visible', 'enabled', 'editable', 'defocused']</msg>
<status status="PASS" starttime="20221002 00:11:40.036" endtime="20221002 00:11:40.086"/>
</kw>
<status status="PASS" starttime="20221002 00:11:40.036" endtime="20221002 00:11:40.086"/>
</kw>
<kw name="Is Element Visible" library="ActionsPage">
<arg>${loginButton}</arg>
<kw name="Get Element States" library="Browser">
<var>${visibility}</var>
<arg>${webElement}</arg>
<arg>validate</arg>
<arg>enabled | visible</arg>
<tag>Assertion</tag>
<tag>Getter</tag>
<tag>PageContent</tag>
<doc>Get the active states from the element found by ``selector``.</doc>
<msg timestamp="20221002 00:11:40.126" level="INFO">States are: ['attached', 'visible', 'enabled', 'editable', 'defocused']</msg>
<msg timestamp="20221002 00:11:40.126" level="INFO">${visibility} = ['attached', 'visible', 'enabled', 'editable', 'defocused']</msg>
<status status="PASS" starttime="20221002 00:11:40.087" endtime="20221002 00:11:40.126"/>
</kw>
<status status="PASS" starttime="20221002 00:11:40.087" endtime="20221002 00:11:40.126"/>
</kw>
<kw name="Is Element Visible" library="ActionsPage">
<arg>${passwordInput}</arg>
<kw name="Get Element States" library="Browser">
<var>${visibility}</var>
<arg>${webElement}</arg>
<arg>validate</arg>
<arg>enabled | visible</arg>
<tag>Assertion</tag>
<tag>Getter</tag>
<tag>PageContent</tag>
<doc>Get the active states from the element found by ``selector``.</doc>
<msg timestamp="20221002 00:11:40.162" level="INFO">States are: ['attached', 'visible', 'enabled', 'editable', 'defocused']</msg>
<msg timestamp="20221002 00:11:40.162" level="INFO">${visibility} = ['attached', 'visible', 'enabled', 'editable', 'defocused']</msg>
<status status="PASS" starttime="20221002 00:11:40.127" endtime="20221002 00:11:40.162"/>
</kw>
<status status="PASS" starttime="20221002 00:11:40.126" endtime="20221002 00:11:40.162"/>
</kw>
<kw name="Get Text" library="Browser">
<arg>${logoText}</arg>
<arg>contains</arg>
<arg>${slogan}</arg>
<tag>Assertion</tag>
<tag>Getter</tag>
<tag>PageContent</tag>
<doc>Returns text attribute of the element found by ``selector``.</doc>
<status status="PASS" starttime="20221002 00:11:40.162" endtime="20221002 00:11:40.175"/>
</kw>
<status status="PASS" starttime="20221002 00:11:40.036" endtime="20221002 00:11:40.175"/>
</kw>
<kw name="Fill Text" library="Browser">
<arg>${loginInput}</arg>
<arg>${login}</arg>
<tag>PageContent</tag>
<tag>Setter</tag>
<doc>Clears and fills the given ``txt`` into the text field found by ``selector``.</doc>
<msg timestamp="20221002 00:11:40.175" level="INFO">Fills the text 'invalid@email.com' in the given field.</msg>
<status status="PASS" starttime="20221002 00:11:40.175" endtime="20221002 00:11:40.193"/>
</kw>
<kw name="Fill Text" library="Browser">
<arg>${passwordInput}</arg>
<arg>${password}</arg>
<tag>PageContent</tag>
<tag>Setter</tag>
<doc>Clears and fills the given ``txt`` into the text field found by ``selector``.</doc>
<msg timestamp="20221002 00:11:40.195" level="INFO">Fills the text 'invalid' in the given field.</msg>
<status status="PASS" starttime="20221002 00:11:40.193" endtime="20221002 00:11:40.244"/>
</kw>
<kw name="Click" library="Browser">
<arg>${loginButton}</arg>
<tag>PageContent</tag>
<tag>Setter</tag>
<doc>Simulates mouse click on the element found by ``selector``.</doc>
<status status="PASS" starttime="20221002 00:11:40.244" endtime="20221002 00:11:40.299"/>
</kw>
<status status="PASS" starttime="20221002 00:11:40.035" endtime="20221002 00:11:40.299"/>
</kw>
<kw name="Check Error alert" library="LoginPage">
<arg>${message}</arg>
<kw name="Set Variable" library="BuiltIn">
<var>${locator}</var>
<arg>${alert} &gt;&gt; text=${message}</arg>
<doc>Returns the given values which can then be assigned to a variables.</doc>
<msg timestamp="20221002 00:11:40.299" level="INFO">${locator} = .Toastify__toast-body div &gt;&gt; text=Credenciais inválidas</msg>
<status status="PASS" starttime="20221002 00:11:40.299" endtime="20221002 00:11:40.300"/>
</kw>
<kw name="Wait For Elements State" library="Browser">
<arg>${locator}</arg>
<arg>visible</arg>
<arg>2</arg>
<tag>PageContent</tag>
<tag>Wait</tag>
<doc>Waits for the element found by ``selector`` to satisfy state option.</doc>
<msg timestamp="20221002 00:11:40.310" level="INFO">Waited for Element with selector .Toastify__toast-body div &gt;&gt; text=Credenciais inválidas at state visible</msg>
<status status="PASS" starttime="20221002 00:11:40.300" endtime="20221002 00:11:40.310"/>
</kw>
<kw name="Take Screenshot" library="Browser">
<tag>PageContent</tag>
<doc>Takes a screenshot of the current window or element and saves it to disk.</doc>
<msg timestamp="20221002 00:11:40.565" level="INFO" html="true">&lt;/td&gt;&lt;/tr&gt;&lt;tr&gt;&lt;td colspan="3"&gt;&lt;a href="browser/screenshot/robotframework-browser-screenshot-3.png"&gt;&lt;img src="browser/screenshot/robotframework-browser-screenshot-3.png" width="800px"&gt;&lt;/a&gt;</msg>
<status status="PASS" starttime="20221002 00:11:40.310" endtime="20221002 00:11:40.565"/>
</kw>
<status status="PASS" starttime="20221002 00:11:40.299" endtime="20221002 00:11:40.566"/>
</kw>
<status status="PASS" starttime="20221002 00:11:40.035" endtime="20221002 00:11:40.566"/>
</kw>
<kw name="Close Session" library="BasePage" type="TEARDOWN">
<kw name="Take Screenshot" library="Browser">
<tag>PageContent</tag>
<doc>Takes a screenshot of the current window or element and saves it to disk.</doc>
<msg timestamp="20221002 00:11:40.820" level="INFO" html="true">&lt;/td&gt;&lt;/tr&gt;&lt;tr&gt;&lt;td colspan="3"&gt;&lt;a href="browser/screenshot/robotframework-browser-screenshot-4.png"&gt;&lt;img src="browser/screenshot/robotframework-browser-screenshot-4.png" width="800px"&gt;&lt;/a&gt;</msg>
<status status="PASS" starttime="20221002 00:11:40.567" endtime="20221002 00:11:40.820"/>
</kw>
<kw name="Close Browser" library="Browser">
<tag>BrowserControl</tag>
<tag>Setter</tag>
<doc>Closes the current browser.</doc>
<msg timestamp="20221002 00:11:42.974" level="INFO">Closed browser</msg>
<status status="PASS" starttime="20221002 00:11:40.820" endtime="20221002 00:11:42.974"/>
</kw>
<status status="PASS" starttime="20221002 00:11:40.566" endtime="20221002 00:11:42.975"/>
</kw>
<status status="PASS" starttime="20221002 00:11:38.184" endtime="20221002 00:11:42.975"/>
</test>
<test id="s1-s2-t2" name="Check Empty Login" line="18">
<kw name="Start Session" library="BasePage" type="SETUP">
<kw name="New Browser" library="Browser">
<arg>headless=${HEADLESS}</arg>
<arg>browser=${BROWSER}</arg>
<tag>BrowserControl</tag>
<tag>Setter</tag>
<doc>Create a new playwright Browser with specified options.</doc>
<msg timestamp="20221002 00:11:42.983" level="INFO">{"browser": "chromium", "headless": true, "handleSIGINT": true, "handleSIGTERM": true, "handleSIGHUP": true, "timeout": 30000.0, "devtools": false, "slowMo": 0.0, "tracesDir": "C:\\RobotFramework\\TradeStickerBrowser\\Results\\browser\\traces\\5720a9c3-48e7-4257-819f-4bb2ffb29583"}</msg>
<msg timestamp="20221002 00:11:43.917" level="INFO">Successfully created browser with options: {"browser":"chromium","headless":true,"handleSIGINT":true,"handleSIGTERM":true,"handleSIGHUP":true,"timeout":30000,"devtools":false,"slowMo":0,"tracesDir":"C:\\RobotFramework\\TradeStickerBrowser\\Results\\browser\\traces\\5720a9c3-48e7-4257-819f-4bb2ffb29583"}</msg>
<status status="PASS" starttime="20221002 00:11:42.982" endtime="20221002 00:11:43.917"/>
</kw>
<kw name="New Context" library="Browser">
<arg>viewport={'width': ${BROWSER_WIDTH}, 'height': ${BROWSER_HEIGHT}}</arg>
<tag>BrowserControl</tag>
<tag>Setter</tag>
<doc>Create a new BrowserContext with specified options.</doc>
<msg timestamp="20221002 00:11:43.918" level="INFO">{"acceptDownloads": true, "ignoreHTTPSErrors": false, "bypassCSP": false, "viewport": {"height": 900, "width": 1440}, "deviceScaleFactor": 1.0, "isMobile": false, "hasTouch": false, "javaScriptEnabled": true, "offline": false, "hideRfBrowser": false, "reducedMotion": "no-preference", "forcedColors": "none"}</msg>
<msg timestamp="20221002 00:11:43.927" level="INFO">Successfully created context. </msg>
<msg timestamp="20221002 00:11:43.927" level="INFO">{'acceptDownloads': True, 'ignoreHTTPSErrors': False, 'bypassCSP': False, 'viewport': {'height': 900, 'width': 1440}, 'deviceScaleFactor': 1, 'isMobile': False, 'hasTouch': False, 'javaScriptEnabled': True, 'offline': False, 'hideRfBrowser': False, 'reducedMotion': 'no-preference', 'forcedColors': 'none'}</msg>
<status status="PASS" starttime="20221002 00:11:43.917" endtime="20221002 00:11:43.927"/>
</kw>
<kw name="Set Browser Timeout" library="Browser">
<arg>${TIMEOUT}</arg>
<tag>Config</tag>
<tag>Setter</tag>
<doc>Sets the timeout used by most input and getter keywords.</doc>
<msg timestamp="20221002 00:11:43.929" level="INFO">Set timeout to: 60000</msg>
<status status="PASS" starttime="20221002 00:11:43.927" endtime="20221002 00:11:43.930"/>
</kw>
<kw name="New Page" library="Browser">
<arg>${BASE_URL}</arg>
<tag>BrowserControl</tag>
<tag>Setter</tag>
<doc>Open a new Page.</doc>
<msg timestamp="20221002 00:11:44.705" level="INFO">Successfully initialized new page object and opened url: https://trade-sticker-dev.vercel.app/</msg>
<status status="PASS" starttime="20221002 00:11:43.930" endtime="20221002 00:11:44.705"/>
</kw>
<kw name="Get Title" library="Browser">
<arg>contains</arg>
<arg>${pageTitle}</arg>
<tag>Assertion</tag>
<tag>Getter</tag>
<tag>PageContent</tag>
<doc>Returns the title of the current page.</doc>
<status status="PASS" starttime="20221002 00:11:44.705" endtime="20221002 00:11:44.732"/>
</kw>
<kw name="Check Login Page" library="LoginPage">
<kw name="Is Element Visible" library="ActionsPage">
<arg>${loginButton}</arg>
<kw name="Get Element States" library="Browser">
<var>${visibility}</var>
<arg>${webElement}</arg>
<arg>validate</arg>
<arg>enabled | visible</arg>
<tag>Assertion</tag>
<tag>Getter</tag>
<tag>PageContent</tag>
<doc>Get the active states from the element found by ``selector``.</doc>
<msg timestamp="20221002 00:11:44.800" level="INFO">States are: ['attached', 'visible', 'enabled', 'editable', 'defocused']</msg>
<msg timestamp="20221002 00:11:44.800" level="INFO">${visibility} = ['attached', 'visible', 'enabled', 'editable', 'defocused']</msg>
<status status="PASS" starttime="20221002 00:11:44.733" endtime="20221002 00:11:44.800"/>
</kw>
<status status="PASS" starttime="20221002 00:11:44.733" endtime="20221002 00:11:44.800"/>
</kw>
<kw name="Is Element Visible" library="ActionsPage">
<arg>${loginButton}</arg>
<kw name="Get Element States" library="Browser">
<var>${visibility}</var>
<arg>${webElement}</arg>
<arg>validate</arg>
<arg>enabled | visible</arg>
<tag>Assertion</tag>
<tag>Getter</tag>
<tag>PageContent</tag>
<doc>Get the active states from the element found by ``selector``.</doc>
<msg timestamp="20221002 00:11:44.836" level="INFO">States are: ['attached', 'visible', 'enabled', 'editable', 'defocused']</msg>
<msg timestamp="20221002 00:11:44.836" level="INFO">${visibility} = ['attached', 'visible', 'enabled', 'editable', 'defocused']</msg>
<status status="PASS" starttime="20221002 00:11:44.801" endtime="20221002 00:11:44.836"/>
</kw>
<status status="PASS" starttime="20221002 00:11:44.801" endtime="20221002 00:11:44.836"/>
</kw>
<kw name="Is Element Visible" library="ActionsPage">
<arg>${passwordInput}</arg>
<kw name="Get Element States" library="Browser">
<var>${visibility}</var>
<arg>${webElement}</arg>
<arg>validate</arg>
<arg>enabled | visible</arg>
<tag>Assertion</tag>
<tag>Getter</tag>
<tag>PageContent</tag>
<doc>Get the active states from the element found by ``selector``.</doc>
<msg timestamp="20221002 00:11:44.867" level="INFO">States are: ['attached', 'visible', 'enabled', 'editable', 'defocused']</msg>
<msg timestamp="20221002 00:11:44.867" level="INFO">${visibility} = ['attached', 'visible', 'enabled', 'editable', 'defocused']</msg>
<status status="PASS" starttime="20221002 00:11:44.837" endtime="20221002 00:11:44.867"/>
</kw>
<status status="PASS" starttime="20221002 00:11:44.836" endtime="20221002 00:11:44.867"/>
</kw>
<kw name="Get Text" library="Browser">
<arg>${logoText}</arg>
<arg>contains</arg>
<arg>${slogan}</arg>
<tag>Assertion</tag>
<tag>Getter</tag>
<tag>PageContent</tag>
<doc>Returns text attribute of the element found by ``selector``.</doc>
<status status="PASS" starttime="20221002 00:11:44.867" endtime="20221002 00:11:44.882"/>
</kw>
<status status="PASS" starttime="20221002 00:11:44.732" endtime="20221002 00:11:44.882"/>
</kw>
<status status="PASS" starttime="20221002 00:11:42.981" endtime="20221002 00:11:44.882"/>
</kw>
<kw name="Login and check message" library="LoginPage">
<arg>${EMPTY}</arg>
<arg>invalid</arg>
<arg>${messageEmptyLogin}</arg>
<kw name="Login With" library="LoginPage">
<arg>${login}</arg>
<arg>${password}</arg>
<kw name="Check Login Page" library="LoginPage">
<kw name="Is Element Visible" library="ActionsPage">
<arg>${loginButton}</arg>
<kw name="Get Element States" library="Browser">
<var>${visibility}</var>
<arg>${webElement}</arg>
<arg>validate</arg>
<arg>enabled | visible</arg>
<tag>Assertion</tag>
<tag>Getter</tag>
<tag>PageContent</tag>
<doc>Get the active states from the element found by ``selector``.</doc>
<msg timestamp="20221002 00:11:44.927" level="INFO">States are: ['attached', 'visible', 'enabled', 'editable', 'defocused']</msg>
<msg timestamp="20221002 00:11:44.927" level="INFO">${visibility} = ['attached', 'visible', 'enabled', 'editable', 'defocused']</msg>
<status status="PASS" starttime="20221002 00:11:44.885" endtime="20221002 00:11:44.927"/>
</kw>
<status status="PASS" starttime="20221002 00:11:44.884" endtime="20221002 00:11:44.928"/>
</kw>
<kw name="Is Element Visible" library="ActionsPage">
<arg>${loginButton}</arg>
<kw name="Get Element States" library="Browser">
<var>${visibility}</var>
<arg>${webElement}</arg>
<arg>validate</arg>
<arg>enabled | visible</arg>
<tag>Assertion</tag>
<tag>Getter</tag>
<tag>PageContent</tag>
<doc>Get the active states from the element found by ``selector``.</doc>
<msg timestamp="20221002 00:11:44.965" level="INFO">States are: ['attached', 'visible', 'enabled', 'editable', 'defocused']</msg>
<msg timestamp="20221002 00:11:44.965" level="INFO">${visibility} = ['attached', 'visible', 'enabled', 'editable', 'defocused']</msg>
<status status="PASS" starttime="20221002 00:11:44.928" endtime="20221002 00:11:44.965"/>
</kw>
<status status="PASS" starttime="20221002 00:11:44.928" endtime="20221002 00:11:44.965"/>
</kw>
<kw name="Is Element Visible" library="ActionsPage">
<arg>${passwordInput}</arg>
<kw name="Get Element States" library="Browser">
<var>${visibility}</var>
<arg>${webElement}</arg>
<arg>validate</arg>
<arg>enabled | visible</arg>
<tag>Assertion</tag>
<tag>Getter</tag>
<tag>PageContent</tag>
<doc>Get the active states from the element found by ``selector``.</doc>
<msg timestamp="20221002 00:11:45.004" level="INFO">States are: ['attached', 'visible', 'enabled', 'editable', 'defocused']</msg>
<msg timestamp="20221002 00:11:45.004" level="INFO">${visibility} = ['attached', 'visible', 'enabled', 'editable', 'defocused']</msg>
<status status="PASS" starttime="20221002 00:11:44.966" endtime="20221002 00:11:45.004"/>
</kw>
<status status="PASS" starttime="20221002 00:11:44.965" endtime="20221002 00:11:45.004"/>
</kw>
<kw name="Get Text" library="Browser">
<arg>${logoText}</arg>
<arg>contains</arg>
<arg>${slogan}</arg>
<tag>Assertion</tag>
<tag>Getter</tag>
<tag>PageContent</tag>
<doc>Returns text attribute of the element found by ``selector``.</doc>
<status status="PASS" starttime="20221002 00:11:45.005" endtime="20221002 00:11:45.020"/>
</kw>
<status status="PASS" starttime="20221002 00:11:44.884" endtime="20221002 00:11:45.020"/>
</kw>
<kw name="Fill Text" library="Browser">
<arg>${loginInput}</arg>
<arg>${login}</arg>
<tag>PageContent</tag>
<tag>Setter</tag>
<doc>Clears and fills the given ``txt`` into the text field found by ``selector``.</doc>
<msg timestamp="20221002 00:11:45.020" level="INFO">Fills the text '' in the given field.</msg>
<status status="PASS" starttime="20221002 00:11:45.020" endtime="20221002 00:11:45.036"/>
</kw>
<kw name="Fill Text" library="Browser">
<arg>${passwordInput}</arg>
<arg>${password}</arg>
<tag>PageContent</tag>
<tag>Setter</tag>
<doc>Clears and fills the given ``txt`` into the text field found by ``selector``.</doc>
<msg timestamp="20221002 00:11:45.036" level="INFO">Fills the text 'invalid' in the given field.</msg>
<status status="PASS" starttime="20221002 00:11:45.036" endtime="20221002 00:11:45.054"/>
</kw>
<kw name="Click" library="Browser">
<arg>${loginButton}</arg>
<tag>PageContent</tag>
<tag>Setter</tag>
<doc>Simulates mouse click on the element found by ``selector``.</doc>
<status status="PASS" starttime="20221002 00:11:45.054" endtime="20221002 00:11:45.140"/>
</kw>
<status status="PASS" starttime="20221002 00:11:44.884" endtime="20221002 00:11:45.140"/>
</kw>
<kw name="Check Error alert" library="LoginPage">
<arg>${message}</arg>
<kw name="Set Variable" library="BuiltIn">
<var>${locator}</var>
<arg>${alert} &gt;&gt; text=${message}</arg>
<doc>Returns the given values which can then be assigned to a variables.</doc>
<msg timestamp="20221002 00:11:45.141" level="INFO">${locator} = .Toastify__toast-body div &gt;&gt; text=Por favor, informe o seu email!</msg>
<status status="PASS" starttime="20221002 00:11:45.140" endtime="20221002 00:11:45.141"/>
</kw>
<kw name="Wait For Elements State" library="Browser">
<arg>${locator}</arg>
<arg>visible</arg>
<arg>2</arg>
<tag>PageContent</tag>
<tag>Wait</tag>
<doc>Waits for the element found by ``selector`` to satisfy state option.</doc>
<msg timestamp="20221002 00:11:45.149" level="INFO">Waited for Element with selector .Toastify__toast-body div &gt;&gt; text=Por favor, informe o seu email! at state visible</msg>
<status status="PASS" starttime="20221002 00:11:45.141" endtime="20221002 00:11:45.149"/>
</kw>
<kw name="Take Screenshot" library="Browser">
<tag>PageContent</tag>
<doc>Takes a screenshot of the current window or element and saves it to disk.</doc>
<msg timestamp="20221002 00:11:45.405" level="INFO" html="true">&lt;/td&gt;&lt;/tr&gt;&lt;tr&gt;&lt;td colspan="3"&gt;&lt;a href="browser/screenshot/robotframework-browser-screenshot-5.png"&gt;&lt;img src="browser/screenshot/robotframework-browser-screenshot-5.png" width="800px"&gt;&lt;/a&gt;</msg>
<status status="PASS" starttime="20221002 00:11:45.149" endtime="20221002 00:11:45.406"/>
</kw>
<status status="PASS" starttime="20221002 00:11:45.140" endtime="20221002 00:11:45.406"/>
</kw>
<status status="PASS" starttime="20221002 00:11:44.883" endtime="20221002 00:11:45.406"/>
</kw>
<kw name="Close Session" library="BasePage" type="TEARDOWN">
<kw name="Take Screenshot" library="Browser">
<tag>PageContent</tag>
<doc>Takes a screenshot of the current window or element and saves it to disk.</doc>
<msg timestamp="20221002 00:11:45.652" level="INFO" html="true">&lt;/td&gt;&lt;/tr&gt;&lt;tr&gt;&lt;td colspan="3"&gt;&lt;a href="browser/screenshot/robotframework-browser-screenshot-6.png"&gt;&lt;img src="browser/screenshot/robotframework-browser-screenshot-6.png" width="800px"&gt;&lt;/a&gt;</msg>
<status status="PASS" starttime="20221002 00:11:45.407" endtime="20221002 00:11:45.652"/>
</kw>
<kw name="Close Browser" library="Browser">
<tag>BrowserControl</tag>
<tag>Setter</tag>
<doc>Closes the current browser.</doc>
<msg timestamp="20221002 00:11:48.351" level="INFO">Closed browser</msg>
<status status="PASS" starttime="20221002 00:11:45.652" endtime="20221002 00:11:48.351"/>
</kw>
<status status="PASS" starttime="20221002 00:11:45.406" endtime="20221002 00:11:48.351"/>
</kw>
<status status="PASS" starttime="20221002 00:11:42.978" endtime="20221002 00:11:48.352"/>
</test>
<test id="s1-s2-t3" name="Check Empty Password" line="19">
<kw name="Start Session" library="BasePage" type="SETUP">
<kw name="New Browser" library="Browser">
<arg>headless=${HEADLESS}</arg>
<arg>browser=${BROWSER}</arg>
<tag>BrowserControl</tag>
<tag>Setter</tag>
<doc>Create a new playwright Browser with specified options.</doc>
<msg timestamp="20221002 00:11:48.359" level="INFO">{"browser": "chromium", "headless": true, "handleSIGINT": true, "handleSIGTERM": true, "handleSIGHUP": true, "timeout": 30000.0, "devtools": false, "slowMo": 0.0, "tracesDir": "C:\\RobotFramework\\TradeStickerBrowser\\Results\\browser\\traces\\c03b3d14-8c5a-4736-9b23-e29e1c2b29c4"}</msg>
<msg timestamp="20221002 00:11:49.488" level="INFO">Successfully created browser with options: {"browser":"chromium","headless":true,"handleSIGINT":true,"handleSIGTERM":true,"handleSIGHUP":true,"timeout":30000,"devtools":false,"slowMo":0,"tracesDir":"C:\\RobotFramework\\TradeStickerBrowser\\Results\\browser\\traces\\c03b3d14-8c5a-4736-9b23-e29e1c2b29c4"}</msg>
<status status="PASS" starttime="20221002 00:11:48.358" endtime="20221002 00:11:49.488"/>
</kw>
<kw name="New Context" library="Browser">
<arg>viewport={'width': ${BROWSER_WIDTH}, 'height': ${BROWSER_HEIGHT}}</arg>
<tag>BrowserControl</tag>
<tag>Setter</tag>
<doc>Create a new BrowserContext with specified options.</doc>
<msg timestamp="20221002 00:11:49.489" level="INFO">{"acceptDownloads": true, "ignoreHTTPSErrors": false, "bypassCSP": false, "viewport": {"height": 900, "width": 1440}, "deviceScaleFactor": 1.0, "isMobile": false, "hasTouch": false, "javaScriptEnabled": true, "offline": false, "hideRfBrowser": false, "reducedMotion": "no-preference", "forcedColors": "none"}</msg>
<msg timestamp="20221002 00:11:49.495" level="INFO">Successfully created context. </msg>
<msg timestamp="20221002 00:11:49.495" level="INFO">{'acceptDownloads': True, 'ignoreHTTPSErrors': False, 'bypassCSP': False, 'viewport': {'height': 900, 'width': 1440}, 'deviceScaleFactor': 1, 'isMobile': False, 'hasTouch': False, 'javaScriptEnabled': True, 'offline': False, 'hideRfBrowser': False, 'reducedMotion': 'no-preference', 'forcedColors': 'none'}</msg>
<status status="PASS" starttime="20221002 00:11:49.488" endtime="20221002 00:11:49.495"/>
</kw>
<kw name="Set Browser Timeout" library="Browser">
<arg>${TIMEOUT}</arg>
<tag>Config</tag>
<tag>Setter</tag>
<doc>Sets the timeout used by most input and getter keywords.</doc>
<msg timestamp="20221002 00:11:49.498" level="INFO">Set timeout to: 60000</msg>
<status status="PASS" starttime="20221002 00:11:49.496" endtime="20221002 00:11:49.498"/>
</kw>
<kw name="New Page" library="Browser">
<arg>${BASE_URL}</arg>
<tag>BrowserControl</tag>
<tag>Setter</tag>
<doc>Open a new Page.</doc>
<msg timestamp="20221002 00:11:50.329" level="INFO">Successfully initialized new page object and opened url: https://trade-sticker-dev.vercel.app/</msg>
<status status="PASS" starttime="20221002 00:11:49.498" endtime="20221002 00:11:50.329"/>
</kw>
<kw name="Get Title" library="Browser">
<arg>contains</arg>
<arg>${pageTitle}</arg>
<tag>Assertion</tag>
<tag>Getter</tag>
<tag>PageContent</tag>
<doc>Returns the title of the current page.</doc>
<status status="PASS" starttime="20221002 00:11:50.329" endtime="20221002 00:11:50.371"/>
</kw>
<kw name="Check Login Page" library="LoginPage">
<kw name="Is Element Visible" library="ActionsPage">
<arg>${loginButton}</arg>
<kw name="Get Element States" library="Browser">
<var>${visibility}</var>
<arg>${webElement}</arg>
<arg>validate</arg>
<arg>enabled | visible</arg>
<tag>Assertion</tag>
<tag>Getter</tag>
<tag>PageContent</tag>
<doc>Get the active states from the element found by ``selector``.</doc>
<msg timestamp="20221002 00:11:50.444" level="INFO">States are: ['attached', 'visible', 'enabled', 'editable', 'defocused']</msg>
<msg timestamp="20221002 00:11:50.444" level="INFO">${visibility} = ['attached', 'visible', 'enabled', 'editable', 'defocused']</msg>
<status status="PASS" starttime="20221002 00:11:50.372" endtime="20221002 00:11:50.444"/>
</kw>
<status status="PASS" starttime="20221002 00:11:50.372" endtime="20221002 00:11:50.444"/>
</kw>
<kw name="Is Element Visible" library="ActionsPage">
<arg>${loginButton}</arg>
<kw name="Get Element States" library="Browser">
<var>${visibility}</var>
<arg>${webElement}</arg>
<arg>validate</arg>
<arg>enabled | visible</arg>
<tag>Assertion</tag>
<tag>Getter</tag>
<tag>PageContent</tag>
<doc>Get the active states from the element found by ``selector``.</doc>
<msg timestamp="20221002 00:11:50.486" level="INFO">States are: ['attached', 'visible', 'enabled', 'editable', 'defocused']</msg>
<msg timestamp="20221002 00:11:50.486" level="INFO">${visibility} = ['attached', 'visible', 'enabled', 'editable', 'defocused']</msg>
<status status="PASS" starttime="20221002 00:11:50.444" endtime="20221002 00:11:50.486"/>
</kw>
<status status="PASS" starttime="20221002 00:11:50.444" endtime="20221002 00:11:50.486"/>
</kw>
<kw name="Is Element Visible" library="ActionsPage">
<arg>${passwordInput}</arg>
<kw name="Get Element States" library="Browser">
<var>${visibility}</var>
<arg>${webElement}</arg>
<arg>validate</arg>
<arg>enabled | visible</arg>
<tag>Assertion</tag>
<tag>Getter</tag>
<tag>PageContent</tag>
<doc>Get the active states from the element found by ``selector``.</doc>
<msg timestamp="20221002 00:11:50.531" level="INFO">States are: ['attached', 'visible', 'enabled', 'editable', 'defocused']</msg>
<msg timestamp="20221002 00:11:50.531" level="INFO">${visibility} = ['attached', 'visible', 'enabled', 'editable', 'defocused']</msg>
<status status="PASS" starttime="20221002 00:11:50.487" endtime="20221002 00:11:50.531"/>
</kw>
<status status="PASS" starttime="20221002 00:11:50.486" endtime="20221002 00:11:50.531"/>
</kw>
<kw name="Get Text" library="Browser">
<arg>${logoText}</arg>
<arg>contains</arg>
<arg>${slogan}</arg>
<tag>Assertion</tag>
<tag>Getter</tag>
<tag>PageContent</tag>
<doc>Returns text attribute of the element found by ``selector``.</doc>
<status status="PASS" starttime="20221002 00:11:50.531" endtime="20221002 00:11:50.550"/>
</kw>
<status status="PASS" starttime="20221002 00:11:50.372" endtime="20221002 00:11:50.550"/>
</kw>
<status status="PASS" starttime="20221002 00:11:48.358" endtime="20221002 00:11:50.550"/>
</kw>
<kw name="Login and check message" library="LoginPage">
<arg>invalid@email.com</arg>
<arg>${EMPTY}</arg>
<arg>${messageEmptyPassword}</arg>
<kw name="Login With" library="LoginPage">
<arg>${login}</arg>
<arg>${password}</arg>
<kw name="Check Login Page" library="LoginPage">
<kw name="Is Element Visible" library="ActionsPage">
<arg>${loginButton}</arg>
<kw name="Get Element States" library="Browser">
<var>${visibility}</var>
<arg>${webElement}</arg>
<arg>validate</arg>
<arg>enabled | visible</arg>
<tag>Assertion</tag>
<tag>Getter</tag>
<tag>PageContent</tag>
<doc>Get the active states from the element found by ``selector``.</doc>
<msg timestamp="20221002 00:11:50.602" level="INFO">States are: ['attached', 'visible', 'enabled', 'editable', 'defocused']</msg>
<msg timestamp="20221002 00:11:50.603" level="INFO">${visibility} = ['attached', 'visible', 'enabled', 'editable', 'defocused']</msg>
<status status="PASS" starttime="20221002 00:11:50.553" endtime="20221002 00:11:50.603"/>
</kw>
<status status="PASS" starttime="20221002 00:11:50.552" endtime="20221002 00:11:50.603"/>
</kw>
<kw name="Is Element Visible" library="ActionsPage">
<arg>${loginButton}</arg>
<kw name="Get Element States" library="Browser">
<var>${visibility}</var>
<arg>${webElement}</arg>
<arg>validate</arg>
<arg>enabled | visible</arg>
<tag>Assertion</tag>
<tag>Getter</tag>
<tag>PageContent</tag>
<doc>Get the active states from the element found by ``selector``.</doc>
<msg timestamp="20221002 00:11:50.646" level="INFO">States are: ['attached', 'visible', 'enabled', 'editable', 'defocused']</msg>
<msg timestamp="20221002 00:11:50.646" level="INFO">${visibility} = ['attached', 'visible', 'enabled', 'editable', 'defocused']</msg>
<status status="PASS" starttime="20221002 00:11:50.603" endtime="20221002 00:11:50.646"/>
</kw>
<status status="PASS" starttime="20221002 00:11:50.603" endtime="20221002 00:11:50.646"/>
</kw>
<kw name="Is Element Visible" library="ActionsPage">
<arg>${passwordInput}</arg>
<kw name="Get Element States" library="Browser">
<var>${visibility}</var>
<arg>${webElement}</arg>
<arg>validate</arg>
<arg>enabled | visible</arg>
<tag>Assertion</tag>
<tag>Getter</tag>
<tag>PageContent</tag>
<doc>Get the active states from the element found by ``selector``.</doc>
<msg timestamp="20221002 00:11:50.681" level="INFO">States are: ['attached', 'visible', 'enabled', 'editable', 'defocused']</msg>
<msg timestamp="20221002 00:11:50.681" level="INFO">${visibility} = ['attached', 'visible', 'enabled', 'editable', 'defocused']</msg>
<status status="PASS" starttime="20221002 00:11:50.647" endtime="20221002 00:11:50.681"/>
</kw>
<status status="PASS" starttime="20221002 00:11:50.646" endtime="20221002 00:11:50.682"/>
</kw>
<kw name="Get Text" library="Browser">
<arg>${logoText}</arg>
<arg>contains</arg>
<arg>${slogan}</arg>
<tag>Assertion</tag>
<tag>Getter</tag>
<tag>PageContent</tag>
<doc>Returns text attribute of the element found by ``selector``.</doc>
<status status="PASS" starttime="20221002 00:11:50.682" endtime="20221002 00:11:50.697"/>
</kw>
<status status="PASS" starttime="20221002 00:11:50.552" endtime="20221002 00:11:50.697"/>
</kw>
<kw name="Fill Text" library="Browser">
<arg>${loginInput}</arg>
<arg>${login}</arg>
<tag>PageContent</tag>
<tag>Setter</tag>
<doc>Clears and fills the given ``txt`` into the text field found by ``selector``.</doc>
<msg timestamp="20221002 00:11:50.697" level="INFO">Fills the text 'invalid@email.com' in the given field.</msg>
<status status="PASS" starttime="20221002 00:11:50.697" endtime="20221002 00:11:50.756"/>
</kw>
<kw name="Fill Text" library="Browser">
<arg>${passwordInput}</arg>
<arg>${password}</arg>
<tag>PageContent</tag>
<tag>Setter</tag>
<doc>Clears and fills the given ``txt`` into the text field found by ``selector``.</doc>
<msg timestamp="20221002 00:11:50.756" level="INFO">Fills the text '' in the given field.</msg>
<status status="PASS" starttime="20221002 00:11:50.756" endtime="20221002 00:11:50.773"/>
</kw>
<kw name="Click" library="Browser">
<arg>${loginButton}</arg>
<tag>PageContent</tag>
<tag>Setter</tag>
<doc>Simulates mouse click on the element found by ``selector``.</doc>
<status status="PASS" starttime="20221002 00:11:50.773" endtime="20221002 00:11:50.815"/>
</kw>
<status status="PASS" starttime="20221002 00:11:50.552" endtime="20221002 00:11:50.815"/>
</kw>
<kw name="Check Error alert" library="LoginPage">
<arg>${message}</arg>
<kw name="Set Variable" library="BuiltIn">
<var>${locator}</var>
<arg>${alert} &gt;&gt; text=${message}</arg>
<doc>Returns the given values which can then be assigned to a variables.</doc>
<msg timestamp="20221002 00:11:50.815" level="INFO">${locator} = .Toastify__toast-body div &gt;&gt; text=Por favor, informe a sua senha secreta!</msg>
<status status="PASS" starttime="20221002 00:11:50.815" endtime="20221002 00:11:50.815"/>
</kw>
<kw name="Wait For Elements State" library="Browser">
<arg>${locator}</arg>
<arg>visible</arg>
<arg>2</arg>
<tag>PageContent</tag>
<tag>Wait</tag>
<doc>Waits for the element found by ``selector`` to satisfy state option.</doc>
<msg timestamp="20221002 00:11:50.825" level="INFO">Waited for Element with selector .Toastify__toast-body div &gt;&gt; text=Por favor, informe a sua senha secreta! at state visible</msg>
<status status="PASS" starttime="20221002 00:11:50.815" endtime="20221002 00:11:50.825"/>
</kw>
<kw name="Take Screenshot" library="Browser">
<tag>PageContent</tag>
<doc>Takes a screenshot of the current window or element and saves it to disk.</doc>
<msg timestamp="20221002 00:11:51.091" level="INFO" html="true">&lt;/td&gt;&lt;/tr&gt;&lt;tr&gt;&lt;td colspan="3"&gt;&lt;a href="browser/screenshot/robotframework-browser-screenshot-7.png"&gt;&lt;img src="browser/screenshot/robotframework-browser-screenshot-7.png" width="800px"&gt;&lt;/a&gt;</msg>
<status status="PASS" starttime="20221002 00:11:50.826" endtime="20221002 00:11:51.091"/>
</kw>
<status status="PASS" starttime="20221002 00:11:50.815" endtime="20221002 00:11:51.091"/>
</kw>
<status status="PASS" starttime="20221002 00:11:50.551" endtime="20221002 00:11:51.091"/>
</kw>
<kw name="Close Session" library="BasePage" type="TEARDOWN">
<kw name="Take Screenshot" library="Browser">
<tag>PageContent</tag>
<doc>Takes a screenshot of the current window or element and saves it to disk.</doc>
<msg timestamp="20221002 00:11:51.350" level="INFO" html="true">&lt;/td&gt;&lt;/tr&gt;&lt;tr&gt;&lt;td colspan="3"&gt;&lt;a href="browser/screenshot/robotframework-browser-screenshot-8.png"&gt;&lt;img src="browser/screenshot/robotframework-browser-screenshot-8.png" width="800px"&gt;&lt;/a&gt;</msg>
<status status="PASS" starttime="20221002 00:11:51.092" endtime="20221002 00:11:51.350"/>
</kw>
<kw name="Close Browser" library="Browser">
<tag>BrowserControl</tag>
<tag>Setter</tag>
<doc>Closes the current browser.</doc>
<msg timestamp="20221002 00:11:53.625" level="INFO">Closed browser</msg>
<status status="PASS" starttime="20221002 00:11:51.350" endtime="20221002 00:11:53.625"/>
</kw>
<status status="PASS" starttime="20221002 00:11:51.092" endtime="20221002 00:11:53.625"/>
</kw>
<status status="PASS" starttime="20221002 00:11:48.355" endtime="20221002 00:11:53.626"/>
</test>
<test id="s1-s2-t4" name="Check Empty Login and Password" line="20">
<kw name="Start Session" library="BasePage" type="SETUP">
<kw name="New Browser" library="Browser">
<arg>headless=${HEADLESS}</arg>
<arg>browser=${BROWSER}</arg>
<tag>BrowserControl</tag>
<tag>Setter</tag>
<doc>Create a new playwright Browser with specified options.</doc>
<msg timestamp="20221002 00:11:53.634" level="INFO">{"browser": "chromium", "headless": true, "handleSIGINT": true, "handleSIGTERM": true, "handleSIGHUP": true, "timeout": 30000.0, "devtools": false, "slowMo": 0.0, "tracesDir": "C:\\RobotFramework\\TradeStickerBrowser\\Results\\browser\\traces\\2343c451-3fb1-4355-8edb-f7efde2ad741"}</msg>
<msg timestamp="20221002 00:11:54.543" level="INFO">Successfully created browser with options: {"browser":"chromium","headless":true,"handleSIGINT":true,"handleSIGTERM":true,"handleSIGHUP":true,"timeout":30000,"devtools":false,"slowMo":0,"tracesDir":"C:\\RobotFramework\\TradeStickerBrowser\\Results\\browser\\traces\\2343c451-3fb1-4355-8edb-f7efde2ad741"}</msg>
<status status="PASS" starttime="20221002 00:11:53.633" endtime="20221002 00:11:54.543"/>
</kw>
<kw name="New Context" library="Browser">
<arg>viewport={'width': ${BROWSER_WIDTH}, 'height': ${BROWSER_HEIGHT}}</arg>
<tag>BrowserControl</tag>
<tag>Setter</tag>
<doc>Create a new BrowserContext with specified options.</doc>
<msg timestamp="20221002 00:11:54.545" level="INFO">{"acceptDownloads": true, "ignoreHTTPSErrors": false, "bypassCSP": false, "viewport": {"height": 900, "width": 1440}, "deviceScaleFactor": 1.0, "isMobile": false, "hasTouch": false, "javaScriptEnabled": true, "offline": false, "hideRfBrowser": false, "reducedMotion": "no-preference", "forcedColors": "none"}</msg>
<msg timestamp="20221002 00:11:54.553" level="INFO">Successfully created context. </msg>
<msg timestamp="20221002 00:11:54.553" level="INFO">{'acceptDownloads': True, 'ignoreHTTPSErrors': False, 'bypassCSP': False, 'viewport': {'height': 900, 'width': 1440}, 'deviceScaleFactor': 1, 'isMobile': False, 'hasTouch': False, 'javaScriptEnabled': True, 'offline': False, 'hideRfBrowser': False, 'reducedMotion': 'no-preference', 'forcedColors': 'none'}</msg>
<status status="PASS" starttime="20221002 00:11:54.544" endtime="20221002 00:11:54.553"/>
</kw>
<kw name="Set Browser Timeout" library="Browser">
<arg>${TIMEOUT}</arg>
<tag>Config</tag>
<tag>Setter</tag>
<doc>Sets the timeout used by most input and getter keywords.</doc>
<msg timestamp="20221002 00:11:54.557" level="INFO">Set timeout to: 60000</msg>
<status status="PASS" starttime="20221002 00:11:54.554" endtime="20221002 00:11:54.557"/>
</kw>
<kw name="New Page" library="Browser">
<arg>${BASE_URL}</arg>
<tag>BrowserControl</tag>
<tag>Setter</tag>
<doc>Open a new Page.</doc>
<msg timestamp="20221002 00:11:55.281" level="INFO">Successfully initialized new page object and opened url: https://trade-sticker-dev.vercel.app/</msg>
<status status="PASS" starttime="20221002 00:11:54.558" endtime="20221002 00:11:55.281"/>
</kw>
<kw name="Get Title" library="Browser">
<arg>contains</arg>
<arg>${pageTitle}</arg>
<tag>Assertion</tag>
<tag>Getter</tag>
<tag>PageContent</tag>
<doc>Returns the title of the current page.</doc>
<status status="PASS" starttime="20221002 00:11:55.282" endtime="20221002 00:11:55.312"/>
</kw>
<kw name="Check Login Page" library="LoginPage">
<kw name="Is Element Visible" library="ActionsPage">
<arg>${loginButton}</arg>
<kw name="Get Element States" library="Browser">
<var>${visibility}</var>
<arg>${webElement}</arg>
<arg>validate</arg>
<arg>enabled | visible</arg>
<tag>Assertion</tag>
<tag>Getter</tag>
<tag>PageContent</tag>
<doc>Get the active states from the element found by ``selector``.</doc>
<msg timestamp="20221002 00:11:55.375" level="INFO">States are: ['attached', 'visible', 'enabled', 'editable', 'defocused']</msg>
<msg timestamp="20221002 00:11:55.375" level="INFO">${visibility} = ['attached', 'visible', 'enabled', 'editable', 'defocused']</msg>
<status status="PASS" starttime="20221002 00:11:55.313" endtime="20221002 00:11:55.376"/>
</kw>
<status status="PASS" starttime="20221002 00:11:55.313" endtime="20221002 00:11:55.376"/>
</kw>
<kw name="Is Element Visible" library="ActionsPage">
<arg>${loginButton}</arg>
<kw name="Get Element States" library="Browser">
<var>${visibility}</var>
<arg>${webElement}</arg>
<arg>validate</arg>
<arg>enabled | visible</arg>
<tag>Assertion</tag>
<tag>Getter</tag>
<tag>PageContent</tag>
<doc>Get the active states from the element found by ``selector``.</doc>
<msg timestamp="20221002 00:11:55.408" level="INFO">States are: ['attached', 'visible', 'enabled', 'editable', 'defocused']</msg>
<msg timestamp="20221002 00:11:55.408" level="INFO">${visibility} = ['attached', 'visible', 'enabled', 'editable', 'defocused']</msg>
<status status="PASS" starttime="20221002 00:11:55.377" endtime="20221002 00:11:55.408"/>
</kw>
<status status="PASS" starttime="20221002 00:11:55.376" endtime="20221002 00:11:55.408"/>
</kw>
<kw name="Is Element Visible" library="ActionsPage">
<arg>${passwordInput}</arg>
<kw name="Get Element States" library="Browser">
<var>${visibility}</var>
<arg>${webElement}</arg>
<arg>validate</arg>
<arg>enabled | visible</arg>
<tag>Assertion</tag>
<tag>Getter</tag>
<tag>PageContent</tag>
<doc>Get the active states from the element found by ``selector``.</doc>
<msg timestamp="20221002 00:11:55.440" level="INFO">States are: ['attached', 'visible', 'enabled', 'editable', 'defocused']</msg>
<msg timestamp="20221002 00:11:55.440" level="INFO">${visibility} = ['attached', 'visible', 'enabled', 'editable', 'defocused']</msg>
<status status="PASS" starttime="20221002 00:11:55.409" endtime="20221002 00:11:55.440"/>
</kw>
<status status="PASS" starttime="20221002 00:11:55.408" endtime="20221002 00:11:55.440"/>
</kw>
<kw name="Get Text" library="Browser">
<arg>${logoText}</arg>
<arg>contains</arg>
<arg>${slogan}</arg>
<tag>Assertion</tag>
<tag>Getter</tag>
<tag>PageContent</tag>
<doc>Returns text attribute of the element found by ``selector``.</doc>
<status status="PASS" starttime="20221002 00:11:55.440" endtime="20221002 00:11:55.455"/>
</kw>
<status status="PASS" starttime="20221002 00:11:55.313" endtime="20221002 00:11:55.455"/>
</kw>
<status status="PASS" starttime="20221002 00:11:53.633" endtime="20221002 00:11:55.455"/>
</kw>
<kw name="Login and check message" library="LoginPage">
<arg>${EMPTY}</arg>
<arg>${EMPTY}</arg>
<arg>${messageErrorCredentials}</arg>
<kw name="Login With" library="LoginPage">
<arg>${login}</arg>
<arg>${password}</arg>
<kw name="Check Login Page" library="LoginPage">
<kw name="Is Element Visible" library="ActionsPage">
<arg>${loginButton}</arg>
<kw name="Get Element States" library="Browser">
<var>${visibility}</var>
<arg>${webElement}</arg>
<arg>validate</arg>
<arg>enabled | visible</arg>
<tag>Assertion</tag>
<tag>Getter</tag>
<tag>PageContent</tag>
<doc>Get the active states from the element found by ``selector``.</doc>
[...]
<msg timestamp="20221002 00:12:01.022" level="INFO">${visibility} = ['attached', 'visible', 'enabled', 'editable', 'defocused']</msg>
<status status="PASS" starttime="20221002 00:12:00.953" endtime="20221002 00:12:01.022"/>
</kw>
<status status="PASS" starttime="20221002 00:12:00.952" endtime="20221002 00:12:01.022"/>
</kw>
<kw name="Is Element Visible" library="ActionsPage">
<arg>${loginButton}</arg>
<kw name="Get Element States" library="Browser">
<var>${visibility}</var>
<arg>${webElement}</arg>
<arg>validate</arg>
<arg>enabled | visible</arg>
<tag>Assertion</tag>
<tag>Getter</tag>
<tag>PageContent</tag>
<doc>Get the active states from the element found by ``selector``.</doc>
<msg timestamp="20221002 00:12:01.080" level="INFO">States are: ['attached', 'visible', 'enabled', 'editable', 'defocused']</msg>
<msg timestamp="20221002 00:12:01.080" level="INFO">${visibility} = ['attached', 'visible', 'enabled', 'editable', 'defocused']</msg>
<status status="PASS" starttime="20221002 00:12:01.023" endtime="20221002 00:12:01.080"/>
</kw>
<status status="PASS" starttime="20221002 00:12:01.022" endtime="20221002 00:12:01.080"/>
</kw>
<kw name="Is Element Visible" library="ActionsPage">
<arg>${passwordInput}</arg>
<kw name="Get Element States" library="Browser">
<var>${visibility}</var>
<arg>${webElement}</arg>
<arg>validate</arg>
<arg>enabled | visible</arg>
<tag>Assertion</tag>
<tag>Getter</tag>
<tag>PageContent</tag>
<doc>Get the active states from the element found by ``selector``.</doc>
<msg timestamp="20221002 00:12:01.129" level="INFO">States are: ['attached', 'visible', 'enabled', 'editable', 'defocused']</msg>
<msg timestamp="20221002 00:12:01.129" level="INFO">${visibility} = ['attached', 'visible', 'enabled', 'editable', 'defocused']</msg>
<status status="PASS" starttime="20221002 00:12:01.081" endtime="20221002 00:12:01.129"/>
</kw>
<status status="PASS" starttime="20221002 00:12:01.081" endtime="20221002 00:12:01.129"/>
</kw>
<kw name="Get Text" library="Browser">
<arg>${logoText}</arg>
<arg>contains</arg>
<arg>${slogan}</arg>
<tag>Assertion</tag>
<tag>Getter</tag>
<tag>PageContent</tag>
<doc>Returns text attribute of the element found by ``selector``.</doc>
<status status="PASS" starttime="20221002 00:12:01.129" endtime="20221002 00:12:01.157"/>
</kw>
<status status="PASS" starttime="20221002 00:12:00.951" endtime="20221002 00:12:01.157"/>
</kw>
<kw name="Close Session" library="BasePage" type="TEARDOWN">
<kw name="Take Screenshot" library="Browser">
<tag>PageContent</tag>
<doc>Takes a screenshot of the current window or element and saves it to disk.</doc>
<msg timestamp="20221002 00:12:01.851" level="INFO" html="true">&lt;/td&gt;&lt;/tr&gt;&lt;tr&gt;&lt;td colspan="3"&gt;&lt;a href="browser/screenshot/robotframework-browser-screenshot-11.png"&gt;&lt;img src="browser/screenshot/robotframework-browser-screenshot-11.png" width="800px"&gt;&lt;/a&gt;</msg>
<status status="PASS" starttime="20221002 00:12:01.158" endtime="20221002 00:12:01.852"/>
</kw>
<kw name="Close Browser" library="Browser">
<tag>BrowserControl</tag>
<tag>Setter</tag>
<doc>Closes the current browser.</doc>
<msg timestamp="20221002 00:12:06.739" level="INFO">Closed browser</msg>
<status status="PASS" starttime="20221002 00:12:01.853" endtime="20221002 00:12:06.739"/>
</kw>
<status status="PASS" starttime="20221002 00:12:01.158" endtime="20221002 00:12:06.740"/>
</kw>
<doc>Test for Login Page</doc>
<tag>full</tag>
<tag>login</tag>
<tag>smoke</tag>
<status status="PASS" starttime="20221002 00:11:58.102" endtime="20221002 00:12:06.741"/>
</test>
<test id="s1-s3-t2" name="Scenario1: Check invalid Login" line="21">
<kw name="Start Session" library="BasePage" type="SETUP">
<kw name="New Browser" library="Browser">
<arg>headless=${HEADLESS}</arg>
<arg>browser=${BROWSER}</arg>
<tag>BrowserControl</tag>
<tag>Setter</tag>
<doc>Create a new playwright Browser with specified options.</doc>
<msg timestamp="20221002 00:12:06.752" level="INFO">{"browser": "chromium", "headless": true, "handleSIGINT": true, "handleSIGTERM": true, "handleSIGHUP": true, "timeout": 30000.0, "devtools": false, "slowMo": 0.0, "tracesDir": "C:\\RobotFramework\\TradeStickerBrowser\\Results\\browser\\traces\\7a25df07-f12d-4821-9a2d-6d12c591275a"}</msg>
<msg timestamp="20221002 00:12:08.719" level="INFO">Successfully created browser with options: {"browser":"chromium","headless":true,"handleSIGINT":true,"handleSIGTERM":true,"handleSIGHUP":true,"timeout":30000,"devtools":false,"slowMo":0,"tracesDir":"C:\\RobotFramework\\TradeStickerBrowser\\Results\\browser\\traces\\7a25df07-f12d-4821-9a2d-6d12c591275a"}</msg>
<status status="PASS" starttime="20221002 00:12:06.752" endtime="20221002 00:12:08.719"/>
</kw>
<kw name="New Context" library="Browser">
<arg>viewport={'width': ${BROWSER_WIDTH}, 'height': ${BROWSER_HEIGHT}}</arg>
<tag>BrowserControl</tag>
<tag>Setter</tag>
<doc>Create a new BrowserContext with specified options.</doc>
<msg timestamp="20221002 00:12:08.724" level="INFO">{"acceptDownloads": true, "ignoreHTTPSErrors": false, "bypassCSP": false, "viewport": {"height": 900, "width": 1440}, "deviceScaleFactor": 1.0, "isMobile": false, "hasTouch": false, "javaScriptEnabled": true, "offline": false, "hideRfBrowser": false, "reducedMotion": "no-preference", "forcedColors": "none"}</msg>
<msg timestamp="20221002 00:12:08.746" level="INFO">Successfully created context. </msg>
<msg timestamp="20221002 00:12:08.746" level="INFO">{'acceptDownloads': True, 'ignoreHTTPSErrors': False, 'bypassCSP': False, 'viewport': {'height': 900, 'width': 1440}, 'deviceScaleFactor': 1, 'isMobile': False, 'hasTouch': False, 'javaScriptEnabled': True, 'offline': False, 'hideRfBrowser': False, 'reducedMotion': 'no-preference', 'forcedColors': 'none'}</msg>
<status status="PASS" starttime="20221002 00:12:08.720" endtime="20221002 00:12:08.746"/>
</kw>
<kw name="Set Browser Timeout" library="Browser">
<arg>${TIMEOUT}</arg>
<tag>Config</tag>
<tag>Setter</tag>
<doc>Sets the timeout used by most input and getter keywords.</doc>
<msg timestamp="20221002 00:12:08.749" level="INFO">Set timeout to: 60000</msg>
<status status="PASS" starttime="20221002 00:12:08.747" endtime="20221002 00:12:08.749"/>
</kw>
<kw name="New Page" library="Browser">
<arg>${BASE_URL}</arg>
<tag>BrowserControl</tag>
<tag>Setter</tag>
<doc>Open a new Page.</doc>
<msg timestamp="20221002 00:12:10.028" level="INFO">Successfully initialized new page object and opened url: https://trade-sticker-dev.vercel.app/</msg>
<status status="PASS" starttime="20221002 00:12:08.750" endtime="20221002 00:12:10.028"/>
</kw>
<kw name="Get Title" library="Browser">
<arg>contains</arg>
<arg>${pageTitle}</arg>
<tag>Assertion</tag>
<tag>Getter</tag>
<tag>PageContent</tag>
<doc>Returns the title of the current page.</doc>
<status status="PASS" starttime="20221002 00:12:10.028" endtime="20221002 00:12:10.061"/>
</kw>
<kw name="Check Login Page" library="LoginPage">
<kw name="Is Element Visible" library="ActionsPage">
<arg>${loginButton}</arg>
<kw name="Get Element States" library="Browser">
<var>${visibility}</var>
<arg>${webElement}</arg>
<arg>validate</arg>
<arg>enabled | visible</arg>
<tag>Assertion</tag>
<tag>Getter</tag>
<tag>PageContent</tag>
<doc>Get the active states from the element found by ``selector``.</doc>
<msg timestamp="20221002 00:12:10.133" level="INFO">States are: ['attached', 'visible', 'enabled', 'editable', 'defocused']</msg>
<msg timestamp="20221002 00:12:10.133" level="INFO">${visibility} = ['attached', 'visible', 'enabled', 'editable', 'defocused']</msg>
<status status="PASS" starttime="20221002 00:12:10.063" endtime="20221002 00:12:10.133"/>
</kw>
<status status="PASS" starttime="20221002 00:12:10.062" endtime="20221002 00:12:10.133"/>
</kw>
<kw name="Is Element Visible" library="ActionsPage">
<arg>${loginButton}</arg>
<kw name="Get Element States" library="Browser">
<var>${visibility}</var>
<arg>${webElement}</arg>
<arg>validate</arg>
<arg>enabled | visible</arg>
<tag>Assertion</tag>
<tag>Getter</tag>
<tag>PageContent</tag>
<doc>Get the active states from the element found by ``selector``.</doc>
<msg timestamp="20221002 00:12:10.183" level="INFO">States are: ['attached', 'visible', 'enabled', 'editable', 'defocused']</msg>
<msg timestamp="20221002 00:12:10.183" level="INFO">${visibility} = ['attached', 'visible', 'enabled', 'editable', 'defocused']</msg>
<status status="PASS" starttime="20221002 00:12:10.134" endtime="20221002 00:12:10.183"/>
</kw>
<status status="PASS" starttime="20221002 00:12:10.134" endtime="20221002 00:12:10.183"/>
</kw>
<kw name="Is Element Visible" library="ActionsPage">
<arg>${passwordInput}</arg>
<kw name="Get Element States" library="Browser">
<var>${visibility}</var>
<arg>${webElement}</arg>
<arg>validate</arg>
<arg>enabled | visible</arg>
<tag>Assertion</tag>
<tag>Getter</tag>
<tag>PageContent</tag>
<doc>Get the active states from the element found by ``selector``.</doc>
<msg timestamp="20221002 00:12:10.226" level="INFO">States are: ['attached', 'visible', 'enabled', 'editable', 'defocused']</msg>
<msg timestamp="20221002 00:12:10.226" level="INFO">${visibility} = ['attached', 'visible', 'enabled', 'editable', 'defocused']</msg>
<status status="PASS" starttime="20221002 00:12:10.183" endtime="20221002 00:12:10.226"/>
</kw>
<status status="PASS" starttime="20221002 00:12:10.183" endtime="20221002 00:12:10.227"/>
</kw>
<kw name="Get Text" library="Browser">
<arg>${logoText}</arg>
<arg>contains</arg>
<arg>${slogan}</arg>
<tag>Assertion</tag>
<tag>Getter</tag>
<tag>PageContent</tag>
<doc>Returns text attribute of the element found by ``selector``.</doc>
<status status="PASS" starttime="20221002 00:12:10.227" endtime="20221002 00:12:10.241"/>
</kw>
<status status="PASS" starttime="20221002 00:12:10.062" endtime="20221002 00:12:10.242"/>
</kw>
<status status="PASS" starttime="20221002 00:12:06.752" endtime="20221002 00:12:10.242"/>
</kw>
<kw name="Login With" library="LoginPage">
<arg>invalid@email.com</arg>
<arg>invalid</arg>
<kw name="Check Login Page" library="LoginPage">
<kw name="Is Element Visible" library="ActionsPage">
<arg>${loginButton}</arg>
<kw name="Get Element States" library="Browser">
<var>${visibility}</var>
<arg>${webElement}</arg>
<arg>validate</arg>
<arg>enabled | visible</arg>
<tag>Assertion</tag>
<tag>Getter</tag>
<tag>PageContent</tag>
<doc>Get the active states from the element found by ``selector``.</doc>
<msg timestamp="20221002 00:12:10.282" level="INFO">States are: ['attached', 'visible', 'enabled', 'editable', 'defocused']</msg>
<msg timestamp="20221002 00:12:10.282" level="INFO">${visibility} = ['attached', 'visible', 'enabled', 'editable', 'defocused']</msg>
<status status="PASS" starttime="20221002 00:12:10.244" endtime="20221002 00:12:10.282"/>
</kw>
<status status="PASS" starttime="20221002 00:12:10.243" endtime="20221002 00:12:10.282"/>
</kw>
<kw name="Is Element Visible" library="ActionsPage">
<arg>${loginButton}</arg>
<kw name="Get Element States" library="Browser">
<var>${visibility}</var>
<arg>${webElement}</arg>
<arg>validate</arg>
<arg>enabled | visible</arg>
<tag>Assertion</tag>
<tag>Getter</tag>
<tag>PageContent</tag>
<doc>Get the active states from the element found by ``selector``.</doc>
<msg timestamp="20221002 00:12:10.319" level="INFO">States are: ['attached', 'visible', 'enabled', 'editable', 'defocused']</msg>
<msg timestamp="20221002 00:12:10.319" level="INFO">${visibility} = ['attached', 'visible', 'enabled', 'editable', 'defocused']</msg>
<status status="PASS" starttime="20221002 00:12:10.283" endtime="20221002 00:12:10.319"/>
</kw>
<status status="PASS" starttime="20221002 00:12:10.282" endtime="20221002 00:12:10.319"/>
</kw>
<kw name="Is Element Visible" library="ActionsPage">
<arg>${passwordInput}</arg>
<kw name="Get Element States" library="Browser">
<var>${visibility}</var>
<arg>${webElement}</arg>
<arg>validate</arg>
<arg>enabled | visible</arg>
<tag>Assertion</tag>
<tag>Getter</tag>
<tag>PageContent</tag>
<doc>Get the active states from the element found by ``selector``.</doc>
<msg timestamp="20221002 00:12:10.354" level="INFO">States are: ['attached', 'visible', 'enabled', 'editable', 'defocused']</msg>
<msg timestamp="20221002 00:12:10.354" level="INFO">${visibility} = ['attached', 'visible', 'enabled', 'editable', 'defocused']</msg>
<status status="PASS" starttime="20221002 00:12:10.320" endtime="20221002 00:12:10.354"/>
</kw>
<status status="PASS" starttime="20221002 00:12:10.319" endtime="20221002 00:12:10.354"/>
</kw>
<kw name="Get Text" library="Browser">
<arg>${logoText}</arg>
<arg>contains</arg>
<arg>${slogan}</arg>
<tag>Assertion</tag>
<tag>Getter</tag>
<tag>PageContent</tag>
<doc>Returns text attribute of the element found by ``selector``.</doc>
<status status="PASS" starttime="20221002 00:12:10.354" endtime="20221002 00:12:10.368"/>
</kw>
<status status="PASS" starttime="20221002 00:12:10.243" endtime="20221002 00:12:10.368"/>
</kw>
<kw name="Fill Text" library="Browser">
<arg>${loginInput}</arg>
<arg>${login}</arg>
<tag>PageContent</tag>
<tag>Setter</tag>
<doc>Clears and fills the given ``txt`` into the text field found by ``selector``.</doc>
<msg timestamp="20221002 00:12:10.369" level="INFO">Fills the text 'invalid@email.com' in the given field.</msg>
<status status="PASS" starttime="20221002 00:12:10.368" endtime="20221002 00:12:10.429"/>
</kw>
<kw name="Fill Text" library="Browser">
<arg>${passwordInput}</arg>
<arg>${password}</arg>
<tag>PageContent</tag>
<tag>Setter</tag>
<doc>Clears and fills the given ``txt`` into the text field found by ``selector``.</doc>
<msg timestamp="20221002 00:12:10.430" level="INFO">Fills the text 'invalid' in the given field.</msg>
<status status="PASS" starttime="20221002 00:12:10.430" endtime="20221002 00:12:10.465"/>
</kw>
<kw name="Click" library="Browser">
<arg>${loginButton}</arg>
<tag>PageContent</tag>
<tag>Setter</tag>
<doc>Simulates mouse click on the element found by ``selector``.</doc>
<status status="PASS" starttime="20221002 00:12:10.465" endtime="20221002 00:12:10.522"/>
</kw>
<status status="PASS" starttime="20221002 00:12:10.242" endtime="20221002 00:12:10.522"/>
</kw>
<kw name="Check Error alert" library="LoginPage">
<arg>${message}</arg>
<kw name="Set Variable" library="BuiltIn">
<var>${locator}</var>
<arg>${alert} &gt;&gt; text=${message}</arg>
<doc>Returns the given values which can then be assigned to a variables.</doc>
<msg timestamp="20221002 00:12:10.523" level="INFO">${locator} = .Toastify__toast-body div &gt;&gt; text=Credenciais inválidas</msg>
<status status="PASS" starttime="20221002 00:12:10.523" endtime="20221002 00:12:10.524"/>
</kw>
<kw name="Wait For Elements State" library="Browser">
<arg>${locator}</arg>
<arg>visible</arg>
<arg>2</arg>
<tag>PageContent</tag>
<tag>Wait</tag>
<doc>Waits for the element found by ``selector`` to satisfy state option.</doc>
<msg timestamp="20221002 00:12:10.535" level="INFO">Waited for Element with selector .Toastify__toast-body div &gt;&gt; text=Credenciais inválidas at state visible</msg>
<status status="PASS" starttime="20221002 00:12:10.524" endtime="20221002 00:12:10.535"/>
</kw>
<kw name="Take Screenshot" library="Browser">
<tag>PageContent</tag>
<doc>Takes a screenshot of the current window or element and saves it to disk.</doc>
<msg timestamp="20221002 00:12:10.792" level="INFO" html="true">&lt;/td&gt;&lt;/tr&gt;&lt;tr&gt;&lt;td colspan="3"&gt;&lt;a href="browser/screenshot/robotframework-browser-screenshot-12.png"&gt;&lt;img src="browser/screenshot/robotframework-browser-screenshot-12.png" width="800px"&gt;&lt;/a&gt;</msg>
<status status="PASS" starttime="20221002 00:12:10.535" endtime="20221002 00:12:10.792"/>
</kw>
<status status="PASS" starttime="20221002 00:12:10.522" endtime="20221002 00:12:10.792"/>
</kw>
<kw name="Close Session" library="BasePage" type="TEARDOWN">
<kw name="Take Screenshot" library="Browser">
<tag>PageContent</tag>
<doc>Takes a screenshot of the current window or element and saves it to disk.</doc>
<msg timestamp="20221002 00:12:11.044" level="INFO" html="true">&lt;/td&gt;&lt;/tr&gt;&lt;tr&gt;&lt;td colspan="3"&gt;&lt;a href="browser/screenshot/robotframework-browser-screenshot-13.png"&gt;&lt;img src="browser/screenshot/robotframework-browser-screenshot-13.png" width="800px"&gt;&lt;/a&gt;</msg>
<status status="PASS" starttime="20221002 00:12:10.793" endtime="20221002 00:12:11.044"/>
</kw>
<kw name="Close Browser" library="Browser">
<tag>BrowserControl</tag>
<tag>Setter</tag>
<doc>Closes the current browser.</doc>
<msg timestamp="20221002 00:12:14.861" level="INFO">Closed browser</msg>
<status status="PASS" starttime="20221002 00:12:11.044" endtime="20221002 00:12:14.861"/>
</kw>
<status status="PASS" starttime="20221002 00:12:10.793" endtime="20221002 00:12:14.861"/>
</kw>
<tag>full</tag>
<tag>invalid</tag>
<tag>smoke</tag>
<status status="PASS" starttime="20221002 00:12:06.749" endtime="20221002 00:12:14.862"/>
</test>
<doc>Teste de login</doc>
<status status="PASS" starttime="20221002 00:11:58.082" endtime="20221002 00:12:14.870"/>
</suite>
<status status="PASS" starttime="20221002 00:11:24.937" endtime="20221002 00:12:14.877"/>
</suite>
<statistics>
<total>
<stat pass="8" fail="0" skip="0">All Tests</stat>
</total>
<tag>
<stat pass="2" fail="0" skip="0">Dashboard</stat>
<stat pass="1" fail="0" skip="0">doing</stat>
<stat pass="4" fail="0" skip="0">full</stat>
<stat pass="1" fail="0" skip="0">invalid</stat>
<stat pass="1" fail="0" skip="0">login</stat>
<stat pass="4" fail="0" skip="0">smoke</stat>
</tag>
<suite>
<stat pass="8" fail="0" skip="0" id="s1" name="Tests">Tests</stat>
<stat pass="2" fail="0" skip="0" id="s1-s1" name="DashboardTest">Tests.DashboardTest</stat>
<stat pass="4" fail="0" skip="0" id="s1-s2" name="LoginDesafioTest">Tests.LoginDesafioTest</stat>
<stat pass="2" fail="0" skip="0" id="s1-s3" name="LoginTest">Tests.LoginTest</stat>
</suite>
</statistics>
<errors>
<msg timestamp="20221002 00:11:25.926" level="ERROR">Error in file 'C:\RobotFramework\TradeStickerBrowser\Resources\Pages\LoginPage.resource' on line 4: Resource file 'Pages\Common\ActionsPage.resource' does not exist.</msg>
<msg timestamp="20221002 00:11:25.928" level="ERROR">Error in file 'C:\RobotFramework\TradeStickerBrowser\Resources\Pages\LoginPage.resource' on line 5: Variable file 'properties.py' does not exist.</msg>
<msg timestamp="20221002 00:11:25.934" level="ERROR">Error in file 'C:\RobotFramework\TradeStickerBrowser\Resources\Pages\DashboardPage.resource' on line 5: Resource file 'Pages\Common\ActionsPage.resource' does not exist.</msg>
<msg timestamp="20221002 00:11:38.172" level="ERROR">Error in file 'C:\RobotFramework\TradeStickerBrowser\Resources\Pages\LoginPage.resource' on line 4: Resource file 'Pages\Common\ActionsPage.resource' does not exist.</msg>
<msg timestamp="20221002 00:11:38.174" level="ERROR">Error in file 'C:\RobotFramework\TradeStickerBrowser\Resources\Pages\LoginPage.resource' on line 5: Variable file 'properties.py' does not exist.</msg>
<msg timestamp="20221002 00:11:38.178" level="ERROR">Error in file 'C:\RobotFramework\TradeStickerBrowser\Resources\Pages\DashboardPage.resource' on line 5: Resource file 'Pages\Common\ActionsPage.resource' does not exist.</msg>
<msg timestamp="20221002 00:11:58.091" level="ERROR">Error in file 'C:\RobotFramework\TradeStickerBrowser\Resources\Pages\LoginPage.resource' on line 4: Resource file 'Pages\Common\ActionsPage.resource' does not exist.</msg>
<msg timestamp="20221002 00:11:58.093" level="ERROR">Error in file 'C:\RobotFramework\TradeStickerBrowser\Resources\Pages\LoginPage.resource' on line 5: Variable file 'properties.py' does not exist.</msg>
<msg timestamp="20221002 00:11:58.095" level="ERROR">Error in file 'C:\RobotFramework\TradeStickerBrowser\Resources\Pages\DashboardPage.resource' on line 5: Resource file 'Pages\Common\ActionsPage.resource' does not exist.</msg>
</errors>
</robot>
