<?xml version="1.0" encoding="UTF-8"?>
<robot generator="Robot 5.0.1 (Python 3.9.11 on win32)" generated="20221001 22:44:08.818" rpa="false" schemaversion="3">
<suite id="s1" name="Tests" source="C:\RobotFramework\TradeStickerBrowser\Tests">
<suite id="s1-s1" name="DashboardTest" source="C:\RobotFramework\TradeStickerBrowser\Tests\DashboardTest.robot">
<kw name="Start Session" library="BasePage" type="SETUP">
<kw name="New Browser" library="Browser">
<arg>headless=false</arg>
<tag>BrowserControl</tag>
<tag>Setter</tag>
<doc>Create a new playwright Browser with specified options.</doc>
<msg timestamp="20221001 22:44:11.449" level="INFO">{"browser": "chromium", "headless": false, "handleSIGINT": true, "handleSIGTERM": true, "handleSIGHUP": true, "timeout": 30000.0, "devtools": false, "slowMo": 0.0, "tracesDir": "C:\\RobotFramework\\TradeStickerBrowser\\Results\\browser\\traces\\ac1ed139-6a4e-4b77-831c-43f0f520025f"}</msg>
<msg timestamp="20221001 22:44:13.665" level="INFO">Successfully created browser with options: {"browser":"chromium","headless":false,"handleSIGINT":true,"handleSIGTERM":true,"handleSIGHUP":true,"timeout":30000,"devtools":false,"slowMo":0,"tracesDir":"C:\\RobotFramework\\TradeStickerBrowser\\Results\\browser\\traces\\ac1ed139-6a4e-4b77-831c-43f0f520025f"}</msg>
<status status="PASS" starttime="20221001 22:44:11.448" endtime="20221001 22:44:13.666"/>
</kw>
<kw name="New Context" library="Browser">
<arg>viewport={'width': ${BROWSER_WIDTH}, 'height': ${BROWSER_HEIGHT}}</arg>
<tag>BrowserControl</tag>
<tag>Setter</tag>
<doc>Create a new BrowserContext with specified options.</doc>
<msg timestamp="20221001 22:44:13.667" level="INFO">{"acceptDownloads": true, "ignoreHTTPSErrors": false, "bypassCSP": false, "viewport": {"height": 900, "width": 1440}, "deviceScaleFactor": 1.0, "isMobile": false, "hasTouch": false, "javaScriptEnabled": true, "offline": false, "hideRfBrowser": false, "reducedMotion": "no-preference", "forcedColors": "none"}</msg>
<msg timestamp="20221001 22:44:13.733" level="INFO">Successfully created context. </msg>
<msg timestamp="20221001 22:44:13.733" level="INFO">{'acceptDownloads': True, 'ignoreHTTPSErrors': False, 'bypassCSP': False, 'viewport': {'height': 900, 'width': 1440}, 'deviceScaleFactor': 1, 'isMobile': False, 'hasTouch': False, 'javaScriptEnabled': True, 'offline': False, 'hideRfBrowser': False, 'reducedMotion': 'no-preference', 'forcedColors': 'none'}</msg>
<status status="PASS" starttime="20221001 22:44:13.666" endtime="20221001 22:44:13.733"/>
</kw>
<kw name="Set Browser Timeout" library="Browser">
<arg>${TIMEOUT}</arg>
<tag>Config</tag>
<tag>Setter</tag>
<doc>Sets the timeout used by most input and getter keywords.</doc>
<msg timestamp="20221001 22:44:13.738" level="INFO">Set timeout to: 60000</msg>
<status status="PASS" starttime="20221001 22:44:13.733" endtime="20221001 22:44:13.738"/>
</kw>
<kw name="New Page" library="Browser">
<arg>${BASE_URL}</arg>
<tag>BrowserControl</tag>
<tag>Setter</tag>
<doc>Open a new Page.</doc>
<msg timestamp="20221001 22:44:19.604" level="INFO">Successfully initialized new page object and opened url: https://trade-sticker-dev.vercel.app/</msg>
<status status="PASS" starttime="20221001 22:44:13.738" endtime="20221001 22:44:19.604"/>
</kw>
<kw name="Get Title" library="Browser">
<arg>contains</arg>
<arg>Trade Sticker</arg>
<tag>Assertion</tag>
<tag>Getter</tag>
<tag>PageContent</tag>
<doc>Returns the title of the current page.</doc>
<status status="PASS" starttime="20221001 22:44:19.604" endtime="20221001 22:44:19.661"/>
</kw>
<status status="PASS" starttime="20221001 22:44:11.448" endtime="20221001 22:44:19.661"/>
</kw>
<test id="s1-s1-t1" name="Scenario1: Check Search function" line="13">
<kw name="Login" library="BasePage" type="SETUP">
<kw name="Login With" library="LoginPage">
<arg>${login}</arg>
<arg>${password}</arg>
<kw name="Check Login Page" library="LoginPage">
<kw name="Get Element States" library="Browser">
<var>${visibility}</var>
<arg>${loginButton}</arg>
<arg>validate</arg>
<arg>enabled | visible</arg>
<tag>Assertion</tag>
<tag>Getter</tag>
<tag>PageContent</tag>
<doc>Get the active states from the element found by ``selector``.</doc>
<msg timestamp="20221001 22:44:19.758" level="INFO">States are: ['attached', 'visible', 'enabled', 'editable', 'defocused']</msg>
<msg timestamp="20221001 22:44:19.758" level="INFO">${visibility} = ['attached', 'visible', 'enabled', 'editable', 'defocused']</msg>
<status status="PASS" starttime="20221001 22:44:19.671" endtime="20221001 22:44:19.758"/>
</kw>
<kw name="Get Element States" library="Browser">
<var>${visibility}</var>
<arg>${passwordInput}</arg>
<arg>validate</arg>
<arg>enabled | visible</arg>
<tag>Assertion</tag>
<tag>Getter</tag>
<tag>PageContent</tag>
<doc>Get the active states from the element found by ``selector``.</doc>
<msg timestamp="20221001 22:44:19.813" level="INFO">States are: ['attached', 'visible', 'enabled', 'editable', 'defocused']</msg>
<msg timestamp="20221001 22:44:19.813" level="INFO">${visibility} = ['attached', 'visible', 'enabled', 'editable', 'defocused']</msg>
<status status="PASS" starttime="20221001 22:44:19.758" endtime="20221001 22:44:19.813"/>
</kw>
<kw name="Get Text" library="Browser">
<arg>${logoText}</arg>
<arg>contains</arg>
<arg>${slogan}</arg>
<tag>Assertion</tag>
<tag>Getter</tag>
<tag>PageContent</tag>
<doc>Returns text attribute of the element found by ``selector``.</doc>
<status status="PASS" starttime="20221001 22:44:19.813" endtime="20221001 22:44:19.831"/>
</kw>
<status status="PASS" starttime="20221001 22:44:19.671" endtime="20221001 22:44:19.831"/>
</kw>
<kw name="Fill Text" library="Browser">
<arg>${loginInput}</arg>
<arg>${login}</arg>
<tag>PageContent</tag>
<tag>Setter</tag>
<doc>Clears and fills the given ``txt`` into the text field found by ``selector``.</doc>
<msg timestamp="20221001 22:44:19.832" level="INFO">Fills the text 'papito@gmail.com' in the given field.</msg>
<status status="PASS" starttime="20221001 22:44:19.831" endtime="20221001 22:44:19.863"/>
</kw>
<kw name="Fill Text" library="Browser">
<arg>${passwordInput}</arg>
<arg>${password}</arg>
<tag>PageContent</tag>
<tag>Setter</tag>
<doc>Clears and fills the given ``txt`` into the text field found by ``selector``.</doc>
<msg timestamp="20221001 22:44:19.864" level="INFO">Fills the text 'vaibrasil' in the given field.</msg>
<status status="PASS" starttime="20221001 22:44:19.864" endtime="20221001 22:44:19.885"/>
</kw>
<kw name="Click" library="Browser">
<arg>${loginButton}</arg>
<tag>PageContent</tag>
<tag>Setter</tag>
<doc>Simulates mouse click on the element found by ``selector``.</doc>
<status status="PASS" starttime="20221001 22:44:19.885" endtime="20221001 22:44:19.955"/>
</kw>
<status status="PASS" starttime="20221001 22:44:19.670" endtime="20221001 22:44:19.955"/>
</kw>
<kw name="Check DashBoardPage Page" library="DashboardPage">
<kw name="Get Element States" library="Browser">
<var>${visibility}</var>
<arg>${backButton}</arg>
<arg>validate</arg>
<arg>enabled | visible</arg>
<tag>Assertion</tag>
<tag>Getter</tag>
<tag>PageContent</tag>
<doc>Get the active states from the element found by ``selector``.</doc>
<msg timestamp="20221001 22:44:19.997" level="INFO">States are: ['attached', 'hidden', 'enabled', 'editable', 'defocused']</msg>
<msg timestamp="20221001 22:44:19.997" level="INFO">${visibility} = ['attached', 'hidden', 'enabled', 'editable', 'defocused']</msg>
<status status="PASS" starttime="20221001 22:44:19.955" endtime="20221001 22:44:19.997"/>
</kw>
<kw name="Get Element States" library="Browser">
<var>${visibility}</var>
<arg>${searchBarInput}</arg>
<arg>validate</arg>
<arg>enabled | visible</arg>
<tag>Assertion</tag>
<tag>Getter</tag>
<tag>PageContent</tag>
<doc>Get the active states from the element found by ``selector``.</doc>
<msg timestamp="20221001 22:44:20.083" level="INFO">States are: ['attached', 'visible', 'enabled', 'editable', 'defocused']</msg>
<msg timestamp="20221001 22:44:20.083" level="INFO">${visibility} = ['attached', 'visible', 'enabled', 'editable', 'defocused']</msg>
<status status="PASS" starttime="20221001 22:44:19.997" endtime="20221001 22:44:20.084"/>
</kw>
<kw name="Get Element States" library="Browser">
<var>${visibility}</var>
<arg>${searchButton}</arg>
<arg>validate</arg>
<arg>enabled | visible</arg>
<tag>Assertion</tag>
<tag>Getter</tag>
<tag>PageContent</tag>
<doc>Get the active states from the element found by ``selector``.</doc>
<msg timestamp="20221001 22:44:20.124" level="INFO">States are: ['attached', 'visible', 'enabled', 'editable', 'defocused']</msg>
<msg timestamp="20221001 22:44:20.124" level="INFO">${visibility} = ['attached', 'visible', 'enabled', 'editable', 'defocused']</msg>
<status status="PASS" starttime="20221001 22:44:20.084" endtime="20221001 22:44:20.124"/>
</kw>
<status status="PASS" starttime="20221001 22:44:19.955" endtime="20221001 22:44:20.124"/>
</kw>
<status status="PASS" starttime="20221001 22:44:19.670" endtime="20221001 22:44:20.124"/>
</kw>
<kw name="Search for ticket" library="DashboardPage">
<arg>legend</arg>
<kw name="Fill Text" library="Browser">
<arg>${searchBarInput}</arg>
<arg>${ticket}</arg>
<tag>PageContent</tag>
<tag>Setter</tag>
<doc>Clears and fills the given ``txt`` into the text field found by ``selector``.</doc>
<msg timestamp="20221001 22:44:20.126" level="INFO">Fills the text 'legend' in the given field.</msg>
<status status="PASS" starttime="20221001 22:44:20.125" endtime="20221001 22:44:20.148"/>
</kw>
<kw name="Click Search Button" library="DashboardPage">
<kw name="Click" library="Browser">
<arg>${searchButton}</arg>
<tag>PageContent</tag>
<tag>Setter</tag>
<doc>Simulates mouse click on the element found by ``selector``.</doc>
<status status="PASS" starttime="20221001 22:44:20.148" endtime="20221001 22:44:20.189"/>
</kw>
<status status="PASS" starttime="20221001 22:44:20.148" endtime="20221001 22:44:20.189"/>
</kw>
<status status="PASS" starttime="20221001 22:44:20.125" endtime="20221001 22:44:20.189"/>
</kw>
<kw name="Check Results" library="DashboardPage">
<kw name="Get Element States" library="Browser">
<var>${visibility}</var>
<arg>${searchResultsTable}</arg>
<arg>validate</arg>
<arg>enabled | visible</arg>
<tag>Assertion</tag>
<tag>Getter</tag>
<tag>PageContent</tag>
<doc>Get the active states from the element found by ``selector``.</doc>
<msg timestamp="20221001 22:44:20.447" level="INFO">States are: ['detached']</msg>
<msg timestamp="20221001 22:44:20.447" level="INFO">${visibility} = ['detached']</msg>
<status status="PASS" starttime="20221001 22:44:20.191" endtime="20221001 22:44:20.447"/>
</kw>
<status status="PASS" starttime="20221001 22:44:20.190" endtime="20221001 22:44:20.447"/>
</kw>
<kw name="Select Sticket" library="DashboardPage">
<arg>${sticker}</arg>
<kw name="Click" library="Browser">
<arg>xpath=//img[contains(@alt,"${nome}")]/..</arg>
<tag>PageContent</tag>
<tag>Setter</tag>
<doc>Simulates mouse click on the element found by ``selector``.</doc>
<status status="PASS" starttime="20221001 22:44:20.448" endtime="20221001 22:44:20.996"/>
</kw>
<status status="PASS" starttime="20221001 22:44:20.448" endtime="20221001 22:44:20.997"/>
</kw>
<kw name="Click Entrar em contato" library="DashboardPage">
<kw name="Click" library="Browser">
<arg>${contactButton}</arg>
<tag>PageContent</tag>
<tag>Setter</tag>
<doc>Simulates mouse click on the element found by ``selector``.</doc>
<status status="PASS" starttime="20221001 22:44:20.998" endtime="20221001 22:44:21.110"/>
</kw>
<status status="PASS" starttime="20221001 22:44:20.998" endtime="20221001 22:44:21.110"/>
</kw>
<kw name="Whatsapp validation" library="DashboardPage">
<arg>${sticker}</arg>
<kw name="Set Variable" library="BuiltIn">
<var>${message}</var>
<arg>Oi, achei o seu contato no Trade Sticker. Estou intressado(a) na figurinha do ${sticket}, bora negociar?</arg>
<doc>Returns the given values which can then be assigned to a variables.</doc>
<msg timestamp="20221001 22:44:21.113" level="INFO">${message} = Oi, achei o seu contato no Trade Sticker. Estou intressado(a) na figurinha do Neymar Jr, bora negociar?</msg>
<status status="PASS" starttime="20221001 22:44:21.113" endtime="20221001 22:44:21.114"/>
</kw>
<kw name="Switch Page" library="Browser">
<arg>NEW</arg>
<tag>BrowserControl</tag>
<tag>Setter</tag>
<doc>Switches the active browser page to another open page by ``id`` or ``NEW``.</doc>
<msg timestamp="20221001 22:44:22.011" level="INFO">Activated new page page=03a0458b-b682-4e4f-ad4f-3f4fe7ea72d4</msg>
<status status="PASS" starttime="20221001 22:44:21.114" endtime="20221001 22:44:22.011"/>
</kw>
<kw name="Wait For Elements State" library="Browser">
<arg>p &gt;&gt; text=${sticket}</arg>
<arg>visible</arg>
<arg>5000</arg>
<tag>PageContent</tag>
<tag>Wait</tag>
<doc>Waits for the element found by ``selector`` to satisfy state option.</doc>
<msg timestamp="20221001 22:44:22.515" level="INFO">Waited for Element with selector p &gt;&gt; text=Neymar Jr at state visible</msg>
<status status="PASS" starttime="20221001 22:44:22.011" endtime="20221001 22:44:22.515"/>
</kw>
<kw name="Take Screenshot" library="Browser">
<tag>PageContent</tag>
<doc>Takes a screenshot of the current window or element and saves it to disk.</doc>
<msg timestamp="20221001 22:44:22.708" level="INFO" html="true">&lt;/td&gt;&lt;/tr&gt;&lt;tr&gt;&lt;td colspan="3"&gt;&lt;a href="browser/screenshot/robotframework-browser-screenshot-1.png"&gt;&lt;img src="browser/screenshot/robotframework-browser-screenshot-1.png" width="800px"&gt;&lt;/a&gt;</msg>
<status status="PASS" starttime="20221001 22:44:22.515" endtime="20221001 22:44:22.708"/>
</kw>
<kw name="Close Page" library="Browser">
<arg>CURRENT</arg>
<arg>CURRENT</arg>
<arg>CURRENT</arg>
<tag>BrowserControl</tag>
<tag>Setter</tag>
<doc>Closes the ``page`` in ``context`` in ``browser``.</doc>
<msg timestamp="20221001 22:44:22.721" level="INFO">[{"type": "chromium", "id": "browser=2f092562-851d-4426-bf7d-87d50c077217", "contexts": [{"type": "context", "id": "context=e8ee5bed-200c-4ad0-9eeb-b35967b8347e", "activePage": "page=03a0458b-b682-4e4f-ad4f-3f4fe7ea72d4", "pages": [{"type": "page", "title": "Trade Sticker by Papito", "url": "https://trade-sticker-dev.vercel.app/dashboard", "id": "page=c32326b0-d555-42d7-8451-01ca44efada0", "timestamp": 1664678654.385}, {"type": "page", "title": "Compartilhe no WhatsApp", "url": "https://api.whatsapp.com/send/?phone=5511999999999&amp;text=Oi%2C+achei+o+seu+contato+no+Trade+Sticker.+Estou+interessado%28a%29+na+figurinha+do+Neymar+Jr%2C+bora+negociar%3F&amp;type=phone_number&amp;app_absent=0", "id": "page=03a0458b-b682-4e4f-ad4f-3f4fe7ea72d4", "timestamp": 1664678661.978}]}], "activeContext": "context=e8ee5bed-200c-4ad0-9eeb-b35967b8347e", "activeBrowser": true}]</msg>
<msg timestamp="20221001 22:44:22.723" level="INFO">Active context id</msg>
<msg timestamp="20221001 22:44:22.729" level="INFO">Successfully changed active browser</msg>
<msg timestamp="20221001 22:44:22.732" level="INFO">Returned active context id</msg>
<msg timestamp="20221001 22:44:22.738" level="INFO">Successfully changed active context</msg>
<msg timestamp="20221001 22:44:22.771" level="INFO">Successfully closed Page</msg>
<status status="PASS" starttime="20221001 22:44:22.708" endtime="20221001 22:44:22.771"/>
</kw>
<kw name="Switch Page" library="Browser">
<arg>CURRENT</arg>
<tag>BrowserControl</tag>
<tag>Setter</tag>
<doc>Switches the active browser page to another open page by ``id`` or ``NEW``.</doc>
<msg timestamp="20221001 22:44:22.776" level="INFO">Returned active page id</msg>
<status status="PASS" starttime="20221001 22:44:22.772" endtime="20221001 22:44:22.777"/>
</kw>
<status status="PASS" starttime="20221001 22:44:21.112" endtime="20221001 22:44:22.777"/>
</kw>
<kw name="Logout" library="DashboardPage" type="TEARDOWN">
<kw name="Click Back Button" library="DashboardPage">
<kw name="Click" library="Browser">
<arg>${backButton}</arg>
<tag>PageContent</tag>
<tag>Setter</tag>
<doc>Simulates mouse click on the element found by ``selector``.</doc>
<status status="PASS" starttime="20221001 22:44:22.780" endtime="20221001 22:44:22.848"/>
</kw>
<status status="PASS" starttime="20221001 22:44:22.778" endtime="20221001 22:44:22.849"/>
</kw>
<status status="PASS" starttime="20221001 22:44:22.777" endtime="20221001 22:44:22.849"/>
</kw>
<doc>Test for Dashboard Page</doc>
<tag>Dashboard</tag>
<tag>doing</tag>
<tag>full</tag>
<tag>smoke</tag>
<status status="PASS" starttime="20221001 22:44:19.662" endtime="20221001 22:44:22.849"/>
</test>
<test id="s1-s1-t2" name="Scenario1: Check no results" line="23">
<kw name="Login" library="BasePage" type="SETUP">
<kw name="Login With" library="LoginPage">
<arg>${login}</arg>
<arg>${password}</arg>
<kw name="Check Login Page" library="LoginPage">
<kw name="Get Element States" library="Browser">
<var>${visibility}</var>
<arg>${loginButton}</arg>
<arg>validate</arg>
<arg>enabled | visible</arg>
<tag>Assertion</tag>
<tag>Getter</tag>
<tag>PageContent</tag>
<doc>Get the active states from the element found by ``selector``.</doc>
<msg timestamp="20221001 22:44:22.959" level="INFO">States are: ['attached', 'visible', 'enabled', 'editable', 'defocused']</msg>
<msg timestamp="20221001 22:44:22.960" level="INFO">${visibility} = ['attached', 'visible', 'enabled', 'editable', 'defocused']</msg>
<status status="PASS" starttime="20221001 22:44:22.867" endtime="20221001 22:44:22.960"/>
</kw>
<kw name="Get Element States" library="Browser">
<var>${visibility}</var>
<arg>${passwordInput}</arg>
<arg>validate</arg>
<arg>enabled | visible</arg>
<tag>Assertion</tag>
<tag>Getter</tag>
<tag>PageContent</tag>
<doc>Get the active states from the element found by ``selector``.</doc>
<msg timestamp="20221001 22:44:23.016" level="INFO">States are: ['attached', 'visible', 'enabled', 'editable', 'defocused']</msg>
<msg timestamp="20221001 22:44:23.016" level="INFO">${visibility} = ['attached', 'visible', 'enabled', 'editable', 'defocused']</msg>
<status status="PASS" starttime="20221001 22:44:22.960" endtime="20221001 22:44:23.016"/>
</kw>
<kw name="Get Text" library="Browser">
<arg>${logoText}</arg>
<arg>contains</arg>
<arg>${slogan}</arg>
<tag>Assertion</tag>
<tag>Getter</tag>
<tag>PageContent</tag>
<doc>Returns text attribute of the element found by ``selector``.</doc>
<status status="PASS" starttime="20221001 22:44:23.017" endtime="20221001 22:44:23.037"/>
</kw>
<status status="PASS" starttime="20221001 22:44:22.866" endtime="20221001 22:44:23.037"/>
</kw>
<kw name="Fill Text" library="Browser">
<arg>${loginInput}</arg>
<arg>${login}</arg>
<tag>PageContent</tag>
<tag>Setter</tag>
<doc>Clears and fills the given ``txt`` into the text field found by ``selector``.</doc>
<msg timestamp="20221001 22:44:23.038" level="INFO">Fills the text 'papito@gmail.com' in the given field.</msg>
<status status="PASS" starttime="20221001 22:44:23.037" endtime="20221001 22:44:23.080"/>
</kw>
<kw name="Fill Text" library="Browser">
<arg>${passwordInput}</arg>
<arg>${password}</arg>
<tag>PageContent</tag>
<tag>Setter</tag>
<doc>Clears and fills the given ``txt`` into the text field found by ``selector``.</doc>
<msg timestamp="20221001 22:44:23.081" level="INFO">Fills the text 'vaibrasil' in the given field.</msg>
<status status="PASS" starttime="20221001 22:44:23.080" endtime="20221001 22:44:23.103"/>
</kw>
<kw name="Click" library="Browser">
<arg>${loginButton}</arg>
<tag>PageContent</tag>
<tag>Setter</tag>
<doc>Simulates mouse click on the element found by ``selector``.</doc>
<status status="PASS" starttime="20221001 22:44:23.103" endtime="20221001 22:44:23.160"/>
</kw>
<status status="PASS" starttime="20221001 22:44:22.866" endtime="20221001 22:44:23.160"/>
</kw>
<kw name="Check DashBoardPage Page" library="DashboardPage">
<kw name="Get Element States" library="Browser">
<var>${visibility}</var>
<arg>${backButton}</arg>
<arg>validate</arg>
<arg>enabled | visible</arg>
<tag>Assertion</tag>
<tag>Getter</tag>
<tag>PageContent</tag>
<doc>Get the active states from the element found by ``selector``.</doc>
<msg timestamp="20221001 22:44:23.208" level="INFO">States are: ['attached', 'visible', 'enabled', 'editable', 'defocused']</msg>
<msg timestamp="20221001 22:44:23.208" level="INFO">${visibility} = ['attached', 'visible', 'enabled', 'editable', 'defocused']</msg>
<status status="PASS" starttime="20221001 22:44:23.161" endtime="20221001 22:44:23.209"/>
</kw>
<kw name="Get Element States" library="Browser">
<var>${visibility}</var>
<arg>${searchBarInput}</arg>
<arg>validate</arg>
<arg>enabled | visible</arg>
<tag>Assertion</tag>
<tag>Getter</tag>
<tag>PageContent</tag>
<doc>Get the active states from the element found by ``selector``.</doc>
<msg timestamp="20221001 22:44:23.257" level="INFO">States are: ['attached', 'visible', 'enabled', 'editable', 'defocused']</msg>
<msg timestamp="20221001 22:44:23.257" level="INFO">${visibility} = ['attached', 'visible', 'enabled', 'editable', 'defocused']</msg>
<status status="PASS" starttime="20221001 22:44:23.209" endtime="20221001 22:44:23.257"/>
</kw>
<kw name="Get Element States" library="Browser">
<var>${visibility}</var>
<arg>${searchButton}</arg>
<arg>validate</arg>
<arg>enabled | visible</arg>
<tag>Assertion</tag>
<tag>Getter</tag>
<tag>PageContent</tag>
<doc>Get the active states from the element found by ``selector``.</doc>
<msg timestamp="20221001 22:44:23.309" level="INFO">States are: ['attached', 'visible', 'enabled', 'editable', 'defocused']</msg>
<msg timestamp="20221001 22:44:23.310" level="INFO">${visibility} = ['attached', 'visible', 'enabled', 'editable', 'defocused']</msg>
<status status="PASS" starttime="20221001 22:44:23.257" endtime="20221001 22:44:23.310"/>
</kw>
<status status="PASS" starttime="20221001 22:44:23.160" endtime="20221001 22:44:23.310"/>
</kw>
<status status="PASS" starttime="20221001 22:44:22.865" endtime="20221001 22:44:23.310"/>
</kw>
<kw name="Search for ticket" library="DashboardPage">
<arg>noResults</arg>
<kw name="Fill Text" library="Browser">
<arg>${searchBarInput}</arg>
<arg>${ticket}</arg>
<tag>PageContent</tag>
<tag>Setter</tag>
<doc>Clears and fills the given ``txt`` into the text field found by ``selector``.</doc>
<msg timestamp="20221001 22:44:23.312" level="INFO">Fills the text 'noResults' in the given field.</msg>
<status status="PASS" starttime="20221001 22:44:23.311" endtime="20221001 22:44:23.332"/>
</kw>
<kw name="Click Search Button" library="DashboardPage">
<kw name="Click" library="Browser">
<arg>${searchButton}</arg>
<tag>PageContent</tag>
<tag>Setter</tag>
<doc>Simulates mouse click on the element found by ``selector``.</doc>
<status status="PASS" starttime="20221001 22:44:23.333" endtime="20221001 22:44:23.379"/>
</kw>
<status status="PASS" starttime="20221001 22:44:23.333" endtime="20221001 22:44:23.379"/>
</kw>
<status status="PASS" starttime="20221001 22:44:23.311" endtime="20221001 22:44:23.379"/>
</kw>
<kw name="Check No Results" library="DashboardPage">
<kw name="Get Element States" library="Browser">
<var>${visibility}</var>
<arg>${erroAlert}</arg>
<arg>validate</arg>
<arg>enabled | visible</arg>
<tag>Assertion</tag>
<tag>Getter</tag>
<tag>PageContent</tag>
<doc>Get the active states from the element found by ``selector``.</doc>
<msg timestamp="20221001 22:44:23.634" level="INFO">States are: ['detached']</msg>
<msg timestamp="20221001 22:44:23.634" level="INFO">${visibility} = ['detached']</msg>
<status status="PASS" starttime="20221001 22:44:23.380" endtime="20221001 22:44:23.634"/>
</kw>
<status status="PASS" starttime="20221001 22:44:23.380" endtime="20221001 22:44:23.635"/>
</kw>
<kw name="Logout" library="DashboardPage" type="TEARDOWN">
<kw name="Click Back Button" library="DashboardPage">
<kw name="Click" library="Browser">
<arg>${backButton}</arg>
<tag>PageContent</tag>
<tag>Setter</tag>
<doc>Simulates mouse click on the element found by ``selector``.</doc>
<status status="PASS" starttime="20221001 22:44:23.636" endtime="20221001 22:44:23.703"/>
</kw>
<status status="PASS" starttime="20221001 22:44:23.636" endtime="20221001 22:44:23.703"/>
</kw>
<status status="PASS" starttime="20221001 22:44:23.635" endtime="20221001 22:44:23.703"/>
</kw>
<doc>Test for Dashboard Page</doc>
<tag>Dashboard</tag>
<tag>full</tag>
<tag>smoke</tag>
<status status="PASS" starttime="20221001 22:44:22.856" endtime="20221001 22:44:23.704"/>
</test>
<kw name="Close Session" library="BasePage" type="TEARDOWN">
<kw name="Take Screenshot" library="Browser">
<tag>PageContent</tag>
<doc>Takes a screenshot of the current window or element and saves it to disk.</doc>
<msg timestamp="20221001 22:44:24.363" level="INFO" html="true">&lt;/td&gt;&lt;/tr&gt;&lt;tr&gt;&lt;td colspan="3"&gt;&lt;a href="browser/screenshot/robotframework-browser-screenshot-2.png"&gt;&lt;img src="browser/screenshot/robotframework-browser-screenshot-2.png" width="800px"&gt;&lt;/a&gt;</msg>
<status status="PASS" starttime="20221001 22:44:23.712" endtime="20221001 22:44:24.363"/>
</kw>
<kw name="Close Browser" library="Browser">
<tag>BrowserControl</tag>
<tag>Setter</tag>
<doc>Closes the current browser.</doc>
<msg timestamp="20221001 22:44:25.887" level="INFO">Closed browser</msg>
<status status="PASS" starttime="20221001 22:44:24.363" endtime="20221001 22:44:25.887"/>
</kw>
<status status="PASS" starttime="20221001 22:44:23.711" endtime="20221001 22:44:25.887"/>
</kw>
<doc>Testes da pagina Dashboard</doc>
<status status="PASS" starttime="20221001 22:44:08.847" endtime="20221001 22:44:25.887"/>
</suite>
<status status="PASS" starttime="20221001 22:44:08.821" endtime="20221001 22:44:25.891"/>
</suite>
<statistics>
<total>
<stat pass="2" fail="0" skip="0">All Tests</stat>
</total>
<tag>
<stat pass="2" fail="0" skip="0">Dashboard</stat>
<stat pass="1" fail="0" skip="0">doing</stat>
<stat pass="2" fail="0" skip="0">full</stat>
<stat pass="2" fail="0" skip="0">smoke</stat>
</tag>
<suite>
<stat pass="2" fail="0" skip="0" id="s1" name="Tests">Tests</stat>
<stat pass="2" fail="0" skip="0" id="s1-s1" name="DashboardTest">Tests.DashboardTest</stat>
</suite>
</statistics>
<errors>
</errors>
</robot>
